Using pre-set license
Built from '2020.3/staging' branch; Version is '2020.3.24f1 (79c78de19888) revision 7980941'; Using compiler version '192528614'; Build Type 'Release'
OS: 'Windows 10  (10.0.19042) 64bit Core' Language: 'en' Physical Memory: 16276 MB
BatchMode: 1, IsHumanControllingUs: 0, StartBugReporterOnCrash: 0, Is64bit: 1, IsPro: 0

COMMAND LINE ARGUMENTS:
C:\Program Files\Unity\Hub\Editor\2020.3.24f1\Editor\Unity.exe
-adb2
-batchMode
-noUpm
-name
AssetImportWorker0
-projectPath
C:/Users/Jonas Lindberg/Documents/GitHub/WindowsCalculatorUnityRemake/WindowsCalculatorUnityRemake/WindowsCalculatorUnityRemake
-logFile
Logs/AssetImportWorker0.log
-srvPort
60672
Successfully changed project path to: C:/Users/Jonas Lindberg/Documents/GitHub/WindowsCalculatorUnityRemake/WindowsCalculatorUnityRemake/WindowsCalculatorUnityRemake
C:/Users/Jonas Lindberg/Documents/GitHub/WindowsCalculatorUnityRemake/WindowsCalculatorUnityRemake/WindowsCalculatorUnityRemake
Using Asset Import Pipeline V2.
Refreshing native plugins compatible for Editor in 86.77 ms, found 3 plugins.
Preloading 0 native plugins for Editor in 0.00 ms.
Initialize engine version: 2020.3.24f1 (79c78de19888)
[Subsystems] Discovering subsystems at path C:/Program Files/Unity/Hub/Editor/2020.3.24f1/Editor/Data/Resources/UnitySubsystems
[Subsystems] Discovering subsystems at path C:/Users/Jonas Lindberg/Documents/GitHub/WindowsCalculatorUnityRemake/WindowsCalculatorUnityRemake/WindowsCalculatorUnityRemake/Assets
GfxDevice: creating device client; threaded=0
Direct3D:
    Version:  Direct3D 11.0 [level 11.0]
    Renderer: NVIDIA GeForce 840M (ID=0x1341)
    Vendor:   
    VRAM:     4055 MB
    Driver:   27.21.14.6079
Initialize mono
Mono path[0] = 'C:/Program Files/Unity/Hub/Editor/2020.3.24f1/Editor/Data/Managed'
Mono path[1] = 'C:/Program Files/Unity/Hub/Editor/2020.3.24f1/Editor/Data/MonoBleedingEdge/lib/mono/unityjit'
Mono config path = 'C:/Program Files/Unity/Hub/Editor/2020.3.24f1/Editor/Data/MonoBleedingEdge/etc'
Using monoOptions --debugger-agent=transport=dt_socket,embedding=1,server=y,suspend=n,address=127.0.0.1:56092
Begin MonoManager ReloadAssembly
Registering precompiled unity dll's ...
Register platform support module: C:/Program Files/Unity/Hub/Editor/2020.3.24f1/Editor/Data/PlaybackEngines/WindowsStandaloneSupport/UnityEditor.WindowsStandalone.Extensions.dll
Registered in 0.006521 seconds.
Native extension for WindowsStandalone target not found
Refreshing native plugins compatible for Editor in 94.83 ms, found 3 plugins.
Preloading 0 native plugins for Editor in 0.00 ms.
Mono: successfully reloaded assembly
- Completed reload, in  1.356 seconds
Domain Reload Profiling:
	ReloadAssembly (1356ms)
		BeginReloadAssembly (105ms)
			ExecutionOrderSort (0ms)
			DisableScriptedObjects (0ms)
			BackupInstance (0ms)
			ReleaseScriptingObjects (0ms)
			CreateAndSetChildDomain (1ms)
		EndReloadAssembly (998ms)
			LoadAssemblies (102ms)
			RebuildTransferFunctionScriptingTraits (0ms)
			SetupTypeCache (337ms)
			ReleaseScriptCaches (0ms)
			RebuildScriptCaches (108ms)
			SetupLoadedEditorAssemblies (327ms)
				LogAssemblyErrors (0ms)
				InitializePlatformSupportModulesInManaged (9ms)
				SetLoadedEditorAssemblies (0ms)
				RefreshPlugins (95ms)
				BeforeProcessingInitializeOnLoad (22ms)
				ProcessInitializeOnLoadAttributes (141ms)
				ProcessInitializeOnLoadMethodAttributes (59ms)
				AfterProcessingInitializeOnLoad (0ms)
				EditorAssembliesLoaded (0ms)
			ExecutionOrderSort2 (0ms)
			AwakeInstancesAfterBackupRestoration (0ms)
Platform modules already initialized, skipping
Registering precompiled user dll's ...
Registered in 0.009892 seconds.
Begin MonoManager ReloadAssembly
Native extension for WindowsStandalone target not found
Refreshing native plugins compatible for Editor in 94.02 ms, found 3 plugins.
Preloading 0 native plugins for Editor in 0.00 ms.
Mono: successfully reloaded assembly
- Completed reload, in  2.311 seconds
Domain Reload Profiling:
	ReloadAssembly (2313ms)
		BeginReloadAssembly (279ms)
			ExecutionOrderSort (0ms)
			DisableScriptedObjects (7ms)
			BackupInstance (0ms)
			ReleaseScriptingObjects (0ms)
			CreateAndSetChildDomain (29ms)
		EndReloadAssembly (1894ms)
			LoadAssemblies (168ms)
			RebuildTransferFunctionScriptingTraits (0ms)
			SetupTypeCache (604ms)
			ReleaseScriptCaches (1ms)
			RebuildScriptCaches (83ms)
			SetupLoadedEditorAssemblies (828ms)
				LogAssemblyErrors (0ms)
				InitializePlatformSupportModulesInManaged (5ms)
				SetLoadedEditorAssemblies (0ms)
				RefreshPlugins (94ms)
				BeforeProcessingInitializeOnLoad (172ms)
				ProcessInitializeOnLoadAttributes (509ms)
				ProcessInitializeOnLoadMethodAttributes (29ms)
				AfterProcessingInitializeOnLoad (18ms)
				EditorAssembliesLoaded (0ms)
			ExecutionOrderSort2 (0ms)
			AwakeInstancesAfterBackupRestoration (14ms)
Platform modules already initialized, skipping
========================================================================
Worker process is ready to serve import requests
Launched and connected shader compiler UnityShaderCompiler.exe after 0.15 seconds
Refreshing native plugins compatible for Editor in 0.86 ms, found 3 plugins.
Preloading 0 native plugins for Editor in 0.00 ms.
Unloading 2544 Unused Serialized files (Serialized files now loaded: 0)
System memory in use before: 112.3 MB.
System memory in use after: 112.5 MB.

Unloading 31 unused Assets to reduce memory usage. Loaded Objects now: 2979.
Total: 8.383400 ms (FindLiveObjects: 0.584600 ms CreateObjectMapping: 0.292200 ms MarkObjects: 7.376900 ms  DeleteObjects: 0.126400 ms)

AssetImportParameters requested are different than current active one (requested -> active):
  custom:framework-win-MediaFoundation: 216162199b28c13a410421893ffa2e32 -> 
  custom:video-decoder-ogg-theora: a1e56fd34408186e4bbccfd4996cb3dc -> 
  custom:container-muxer-webm: aa71ff27fc2769a1b78a27578f13a17b -> 
  custom:container-demuxer-webm: 4f35f7cbe854078d1ac9338744f61a02 -> 
  custom:container-demuxer-ogg: 62fdf1f143b41e24485cea50d1cbac27 -> 
  custom:video-encoder-webm-vp8: eb34c28f22e8b96e1ab97ce403110664 -> 
  custom:video-decoder-webm-vp8: 9c59270c3fd7afecdb556c50c9e8de78 -> 
  custom:audio-decoder-ogg-vorbis: bf7c407c2cedff20999df2af8eb42d56 -> 
  custom:audio-encoder-webm-vorbis: bf7c407c2cedff20999df2af8eb42d56 -> 
========================================================================
Received Import Request.
  path: Assets/TextMesh Pro/Resources/Fonts & Materials/LiberationSans SDF - Fallback.asset
  artifactKey: Guid(2e498d1c8094910479dc3e1b768306a4) Importer(815301076,1909f56bfc062723c751e8b465ee728b)
Start importing Assets/TextMesh Pro/Resources/Fonts & Materials/LiberationSans SDF - Fallback.asset using Guid(2e498d1c8094910479dc3e1b768306a4) Importer(815301076,1909f56bfc062723c751e8b465ee728b)  -> (artifact id: 'b8c2210586957436df79bf961aeff06e') in 0.276229 seconds 
  Import took 0.283436 seconds .

========================================================================
Received Import Request.
  Time since last request: 0.000365 seconds.
  path: Assets/TextMesh Pro/Resources/Fonts & Materials/LiberationSans SDF.asset
  artifactKey: Guid(8f586378b4e144a9851e7b34d9b748ee) Importer(815301076,1909f56bfc062723c751e8b465ee728b)
Start importing Assets/TextMesh Pro/Resources/Fonts & Materials/LiberationSans SDF.asset using Guid(8f586378b4e144a9851e7b34d9b748ee) Importer(815301076,1909f56bfc062723c751e8b465ee728b)  -> (artifact id: 'f1280cc7be10b532b2897fc8654f95d3') in 0.123019 seconds 
  Import took 0.129800 seconds .

========================================================================
Received Import Request.
  Time since last request: 211.678794 seconds.
  path: Assets/TextMesh Pro/Fonts/LiberationSans - OFL.txt
  artifactKey: Guid(6e59c59b81ab47f9b6ec5781fa725d2c) Importer(815301076,1909f56bfc062723c751e8b465ee728b)
Start importing Assets/TextMesh Pro/Fonts/LiberationSans - OFL.txt using Guid(6e59c59b81ab47f9b6ec5781fa725d2c) Importer(815301076,1909f56bfc062723c751e8b465ee728b)  -> (artifact id: 'd8ed59a48b952935c94a9302b2b79e3d') in 0.061430 seconds 
  Import took 0.072195 seconds .

========================================================================
Received Import Request.
  Time since last request: 35.557511 seconds.
  path: Assets/TextMesh Pro/Fonts
  artifactKey: Guid(6ab70aee4d56447429c680537fbf93ed) Importer(815301076,1909f56bfc062723c751e8b465ee728b)
Start importing Assets/TextMesh Pro/Fonts using Guid(6ab70aee4d56447429c680537fbf93ed) Importer(815301076,1909f56bfc062723c751e8b465ee728b)  -> (artifact id: 'c860dfdf0522eec1202f36843e52d436') in 0.015845 seconds 
  Import took 0.023161 seconds .

========================================================================
Received Import Request.
  Time since last request: 26.686209 seconds.
  path: Assets/TextMesh Pro/Fonts/Segoe UI Bold Italic.ttf
  artifactKey: Guid(6c28dc123dfac23468e185139de7ba51) Importer(815301076,1909f56bfc062723c751e8b465ee728b)
Start importing Assets/TextMesh Pro/Fonts/Segoe UI Bold Italic.ttf using Guid(6c28dc123dfac23468e185139de7ba51) Importer(815301076,1909f56bfc062723c751e8b465ee728b)  -> (artifact id: '97730cbfb99b0b9845a788a5faa9e880') in 0.089201 seconds 
  Import took 0.095541 seconds .

========================================================================
Received Import Request.
  Time since last request: 3.478076 seconds.
  path: Assets/TextMesh Pro/Fonts/Segoe UI.ttf
  artifactKey: Guid(346f8e7a3e3ad5b4fb372df80fe11d40) Importer(815301076,1909f56bfc062723c751e8b465ee728b)
Start importing Assets/TextMesh Pro/Fonts/Segoe UI.ttf using Guid(346f8e7a3e3ad5b4fb372df80fe11d40) Importer(815301076,1909f56bfc062723c751e8b465ee728b)  -> (artifact id: '664a95c8266f2641f00c99585f6c68fb') in 0.038963 seconds 
  Import took 0.046166 seconds .

========================================================================
Received Import Request.
  Time since last request: 30.506628 seconds.
  path: Assets/TextMesh Pro/Fonts/Segoe UI SDF.asset
  artifactKey: Guid(44970751c14075b4e930b7eec0f7c70b) Importer(815301076,1909f56bfc062723c751e8b465ee728b)
Start importing Assets/TextMesh Pro/Fonts/Segoe UI SDF.asset using Guid(44970751c14075b4e930b7eec0f7c70b) Importer(815301076,1909f56bfc062723c751e8b465ee728b)  -> (artifact id: 'cd4cd8db7fb53977040143b9efa150f5') in 0.070236 seconds 
  Import took 0.080010 seconds .

========================================================================
Received Import Request.
  Time since last request: 8.838524 seconds.
  path: Assets/TextMesh Pro/Resources/Fonts & Materials/Segoe UI Bold Italic SDF.asset
  artifactKey: Guid(0e4e7d5e8e2f0f242be7b85989de43ba) Importer(815301076,1909f56bfc062723c751e8b465ee728b)
Start importing Assets/TextMesh Pro/Resources/Fonts & Materials/Segoe UI Bold Italic SDF.asset using Guid(0e4e7d5e8e2f0f242be7b85989de43ba) Importer(815301076,1909f56bfc062723c751e8b465ee728b)  -> (artifact id: '6d665b5101a920cbbd990b7b9b400768') in 0.066343 seconds 
  Import took 0.077756 seconds .

========================================================================
Received Prepare
Registering precompiled user dll's ...
Registered in 0.028268 seconds.
Begin MonoManager ReloadAssembly
Native extension for WindowsStandalone target not found
Refreshing native plugins compatible for Editor in 1.01 ms, found 3 plugins.
Preloading 0 native plugins for Editor in 0.00 ms.
Mono: successfully reloaded assembly
- Completed reload, in  3.124 seconds
Domain Reload Profiling:
	ReloadAssembly (3125ms)
		BeginReloadAssembly (284ms)
			ExecutionOrderSort (0ms)
			DisableScriptedObjects (11ms)
			BackupInstance (0ms)
			ReleaseScriptingObjects (0ms)
			CreateAndSetChildDomain (70ms)
		EndReloadAssembly (2686ms)
			LoadAssemblies (254ms)
			RebuildTransferFunctionScriptingTraits (0ms)
			SetupTypeCache (778ms)
			ReleaseScriptCaches (3ms)
			RebuildScriptCaches (228ms)
			SetupLoadedEditorAssemblies (907ms)
				LogAssemblyErrors (0ms)
				InitializePlatformSupportModulesInManaged (6ms)
				SetLoadedEditorAssemblies (1ms)
				RefreshPlugins (1ms)
				BeforeProcessingInitializeOnLoad (366ms)
				ProcessInitializeOnLoadAttributes (490ms)
				ProcessInitializeOnLoadMethodAttributes (19ms)
				AfterProcessingInitializeOnLoad (23ms)
				EditorAssembliesLoaded (1ms)
			ExecutionOrderSort2 (0ms)
			AwakeInstancesAfterBackupRestoration (28ms)
Platform modules already initialized, skipping
Refreshing native plugins compatible for Editor in 1.31 ms, found 3 plugins.
Preloading 0 native plugins for Editor in 0.00 ms.
Unloading 2520 Unused Serialized files (Serialized files now loaded: 0)
System memory in use before: 113.9 MB.
System memory in use after: 114.1 MB.

Unloading 18 unused Assets to reduce memory usage. Loaded Objects now: 3025.
Total: 5.782100 ms (FindLiveObjects: 0.372800 ms CreateObjectMapping: 0.193900 ms MarkObjects: 5.175300 ms  DeleteObjects: 0.037100 ms)

AssetImportParameters requested are different than current active one (requested -> active):
  custom:framework-win-MediaFoundation: 216162199b28c13a410421893ffa2e32 -> 
  custom:video-decoder-ogg-theora: a1e56fd34408186e4bbccfd4996cb3dc -> 
  custom:container-muxer-webm: aa71ff27fc2769a1b78a27578f13a17b -> 
  custom:container-demuxer-webm: 4f35f7cbe854078d1ac9338744f61a02 -> 
  custom:container-demuxer-ogg: 62fdf1f143b41e24485cea50d1cbac27 -> 
  custom:video-encoder-webm-vp8: eb34c28f22e8b96e1ab97ce403110664 -> 
  custom:video-decoder-webm-vp8: 9c59270c3fd7afecdb556c50c9e8de78 -> 
  custom:audio-decoder-ogg-vorbis: bf7c407c2cedff20999df2af8eb42d56 -> 
  custom:audio-encoder-webm-vorbis: bf7c407c2cedff20999df2af8eb42d56 -> 
========================================================================
Received Prepare
Refreshing native plugins compatible for Editor in 9.52 ms, found 3 plugins.
Preloading 0 native plugins for Editor in 0.00 ms.
Unloading 16 Unused Serialized files (Serialized files now loaded: 0)
System memory in use before: 63.4 MB.
System memory in use after: 63.6 MB.

Unloading 16 unused Assets to reduce memory usage. Loaded Objects now: 3025.
Total: 7.431500 ms (FindLiveObjects: 0.400300 ms CreateObjectMapping: 0.338700 ms MarkObjects: 6.652700 ms  DeleteObjects: 0.037900 ms)

AssetImportParameters requested are different than current active one (requested -> active):
  custom:framework-win-MediaFoundation: 216162199b28c13a410421893ffa2e32 -> 
  custom:video-decoder-ogg-theora: a1e56fd34408186e4bbccfd4996cb3dc -> 
  custom:container-muxer-webm: aa71ff27fc2769a1b78a27578f13a17b -> 
  custom:container-demuxer-webm: 4f35f7cbe854078d1ac9338744f61a02 -> 
  custom:container-demuxer-ogg: 62fdf1f143b41e24485cea50d1cbac27 -> 
  custom:video-encoder-webm-vp8: eb34c28f22e8b96e1ab97ce403110664 -> 
  custom:video-decoder-webm-vp8: 9c59270c3fd7afecdb556c50c9e8de78 -> 
  custom:audio-decoder-ogg-vorbis: bf7c407c2cedff20999df2af8eb42d56 -> 
  custom:audio-encoder-webm-vorbis: bf7c407c2cedff20999df2af8eb42d56 -> 
========================================================================
Received Prepare
Refreshing native plugins compatible for Editor in 11.48 ms, found 3 plugins.
Preloading 0 native plugins for Editor in 0.00 ms.
Unloading 16 Unused Serialized files (Serialized files now loaded: 0)
System memory in use before: 63.4 MB.
System memory in use after: 63.6 MB.

Unloading 16 unused Assets to reduce memory usage. Loaded Objects now: 3025.
Total: 7.899700 ms (FindLiveObjects: 0.498000 ms CreateObjectMapping: 0.332600 ms MarkObjects: 7.015600 ms  DeleteObjects: 0.040500 ms)

AssetImportParameters requested are different than current active one (requested -> active):
  custom:framework-win-MediaFoundation: 216162199b28c13a410421893ffa2e32 -> 
  custom:video-decoder-ogg-theora: a1e56fd34408186e4bbccfd4996cb3dc -> 
  custom:container-muxer-webm: aa71ff27fc2769a1b78a27578f13a17b -> 
  custom:container-demuxer-webm: 4f35f7cbe854078d1ac9338744f61a02 -> 
  custom:container-demuxer-ogg: 62fdf1f143b41e24485cea50d1cbac27 -> 
  custom:video-encoder-webm-vp8: eb34c28f22e8b96e1ab97ce403110664 -> 
  custom:video-decoder-webm-vp8: 9c59270c3fd7afecdb556c50c9e8de78 -> 
  custom:audio-decoder-ogg-vorbis: bf7c407c2cedff20999df2af8eb42d56 -> 
  custom:audio-encoder-webm-vorbis: bf7c407c2cedff20999df2af8eb42d56 -> 
========================================================================
Received Prepare
Registering precompiled user dll's ...
Registered in 0.017467 seconds.
Begin MonoManager ReloadAssembly
Native extension for WindowsStandalone target not found
Refreshing native plugins compatible for Editor in 0.73 ms, found 3 plugins.
Preloading 0 native plugins for Editor in 0.00 ms.
Mono: successfully reloaded assembly
- Completed reload, in  2.489 seconds
Domain Reload Profiling:
	ReloadAssembly (2490ms)
		BeginReloadAssembly (242ms)
			ExecutionOrderSort (0ms)
			DisableScriptedObjects (11ms)
			BackupInstance (0ms)
			ReleaseScriptingObjects (0ms)
			CreateAndSetChildDomain (81ms)
		EndReloadAssembly (2097ms)
			LoadAssemblies (180ms)
			RebuildTransferFunctionScriptingTraits (0ms)
			SetupTypeCache (819ms)
			ReleaseScriptCaches (1ms)
			RebuildScriptCaches (84ms)
			SetupLoadedEditorAssemblies (771ms)
				LogAssemblyErrors (0ms)
				InitializePlatformSupportModulesInManaged (7ms)
				SetLoadedEditorAssemblies (1ms)
				RefreshPlugins (1ms)
				BeforeProcessingInitializeOnLoad (245ms)
				ProcessInitializeOnLoadAttributes (484ms)
				ProcessInitializeOnLoadMethodAttributes (18ms)
				AfterProcessingInitializeOnLoad (14ms)
				EditorAssembliesLoaded (0ms)
			ExecutionOrderSort2 (0ms)
			AwakeInstancesAfterBackupRestoration (14ms)
Platform modules already initialized, skipping
Refreshing native plugins compatible for Editor in 1.22 ms, found 3 plugins.
Preloading 0 native plugins for Editor in 0.00 ms.
Unloading 2520 Unused Serialized files (Serialized files now loaded: 0)
System memory in use before: 114.0 MB.
System memory in use after: 114.2 MB.

Unloading 18 unused Assets to reduce memory usage. Loaded Objects now: 3027.
Total: 10.840600 ms (FindLiveObjects: 1.147800 ms CreateObjectMapping: 0.959300 ms MarkObjects: 8.649200 ms  DeleteObjects: 0.080900 ms)

AssetImportParameters requested are different than current active one (requested -> active):
  custom:framework-win-MediaFoundation: 216162199b28c13a410421893ffa2e32 -> 
  custom:video-decoder-ogg-theora: a1e56fd34408186e4bbccfd4996cb3dc -> 
  custom:container-muxer-webm: aa71ff27fc2769a1b78a27578f13a17b -> 
  custom:container-demuxer-webm: 4f35f7cbe854078d1ac9338744f61a02 -> 
  custom:container-demuxer-ogg: 62fdf1f143b41e24485cea50d1cbac27 -> 
  custom:video-encoder-webm-vp8: eb34c28f22e8b96e1ab97ce403110664 -> 
  custom:video-decoder-webm-vp8: 9c59270c3fd7afecdb556c50c9e8de78 -> 
  custom:audio-decoder-ogg-vorbis: bf7c407c2cedff20999df2af8eb42d56 -> 
  custom:audio-encoder-webm-vorbis: bf7c407c2cedff20999df2af8eb42d56 -> 
========================================================================
Received Import Request.
  Time since last request: 5167.461143 seconds.
  path: Assets/TextMesh Pro/Fonts/LiberationSans.ttf
  artifactKey: Guid(e3265ab4bf004d28a9537516768c1c75) Importer(815301076,1909f56bfc062723c751e8b465ee728b)
Start importing Assets/TextMesh Pro/Fonts/LiberationSans.ttf using Guid(e3265ab4bf004d28a9537516768c1c75) Importer(815301076,1909f56bfc062723c751e8b465ee728b)  -> (artifact id: 'bdddd331c3f1b7826858a8d92db67e39') in 0.181148 seconds 
  Import took 0.192096 seconds .

========================================================================
Received Import Request.
  Time since last request: 0.301205 seconds.
  path: Assets/TextMesh Pro/Fonts/microsoft-jhenghei.ttf
  artifactKey: Guid(52dcf705515603846a4e69c050febf24) Importer(815301076,1909f56bfc062723c751e8b465ee728b)
Start importing Assets/TextMesh Pro/Fonts/microsoft-jhenghei.ttf using Guid(52dcf705515603846a4e69c050febf24) Importer(815301076,1909f56bfc062723c751e8b465ee728b)  -> (artifact id: '0037c4345617a32398037d448be92efd') in 0.054062 seconds 
  Import took 0.062073 seconds .

========================================================================
Received Import Request.
  Time since last request: 9.668363 seconds.
  path: Assets/TextMesh Pro/Resources/Fonts & Materials/microsoft-jhenghei SDF.asset
  artifactKey: Guid(f101c85138988cc4b91f05cb11920a90) Importer(815301076,1909f56bfc062723c751e8b465ee728b)
Start importing Assets/TextMesh Pro/Resources/Fonts & Materials/microsoft-jhenghei SDF.asset using Guid(f101c85138988cc4b91f05cb11920a90) Importer(815301076,1909f56bfc062723c751e8b465ee728b)  -> (artifact id: 'daf84a27556a3cb71d493adaa88d4b9d') in 0.132011 seconds 
  Import took 0.145086 seconds .

========================================================================
Received Import Request.
  Time since last request: 274.300257 seconds.
  path: Assets
  artifactKey: Guid(00000000000000001000000000000000) Importer(815301076,1909f56bfc062723c751e8b465ee728b)
Start importing Assets using Guid(00000000000000001000000000000000) Importer(815301076,1909f56bfc062723c751e8b465ee728b)  -> (artifact id: '42d402b061de3733987d63b9cc3b64de') in 0.017980 seconds 
  Import took 0.028527 seconds .

========================================================================
Received Import Request.
  Time since last request: 4.186225 seconds.
  path: Assets/Art
  artifactKey: Guid(a2ab7f8a61fd1844e9bdd3f600a15bc6) Importer(815301076,1909f56bfc062723c751e8b465ee728b)
Start importing Assets/Art using Guid(a2ab7f8a61fd1844e9bdd3f600a15bc6) Importer(815301076,1909f56bfc062723c751e8b465ee728b)  -> (artifact id: '7cd20384582b6c3350a87cd42a560e85') in 0.024409 seconds 
  Import took 0.034204 seconds .

========================================================================
Received Import Request.
  Time since last request: 4.403783 seconds.
  path: Assets/Art/Buttons
  artifactKey: Guid(bf2645ed0ea78e8488849b060894b466) Importer(815301076,1909f56bfc062723c751e8b465ee728b)
Start importing Assets/Art/Buttons using Guid(bf2645ed0ea78e8488849b060894b466) Importer(815301076,1909f56bfc062723c751e8b465ee728b)  -> (artifact id: 'd41884541353d0dbcec69a64f288106b') in 0.016047 seconds 
  Import took 0.023660 seconds .

========================================================================
Received Import Request.
  Time since last request: 54.835408 seconds.
  path: Assets/Art/Buttons/ScreenShot_20220113103928.png
  artifactKey: Guid(4fc29513a95071b4aa930b58f60dd80e) Importer(815301076,1909f56bfc062723c751e8b465ee728b)
Start importing Assets/Art/Buttons/ScreenShot_20220113103928.png using Guid(4fc29513a95071b4aa930b58f60dd80e) Importer(815301076,1909f56bfc062723c751e8b465ee728b)  -> (artifact id: '9e87eb04eec2b0a400b69473aef56f13') in 0.273754 seconds 
  Import took 0.283131 seconds .

========================================================================
Received Import Request.
  Time since last request: 373.304913 seconds.
  path: Assets/Art/Buttons/%.png
  artifactKey: Guid(4fc29513a95071b4aa930b58f60dd80e) Importer(815301076,1909f56bfc062723c751e8b465ee728b)
Start importing Assets/Art/Buttons/%.png using Guid(4fc29513a95071b4aa930b58f60dd80e) Importer(815301076,1909f56bfc062723c751e8b465ee728b)  -> (artifact id: 'cd5f89b0de2423807f561e2ba6ba0cfe') in 0.086650 seconds 
  Import took 0.097045 seconds .

========================================================================
Received Import Request.
  Time since last request: 1.294733 seconds.
  path: Assets/Art/Buttons/ScreenShot_20220113104539.png
  artifactKey: Guid(175eb456bf54de3459307ad5056964a8) Importer(815301076,1909f56bfc062723c751e8b465ee728b)
Start importing Assets/Art/Buttons/ScreenShot_20220113104539.png using Guid(175eb456bf54de3459307ad5056964a8) Importer(815301076,1909f56bfc062723c751e8b465ee728b)  -> (artifact id: 'adf62f8a89c270dc08bfca5ab845d30c') in 0.038895 seconds 
  Import took 0.048522 seconds .

========================================================================
Received Import Request.
  Time since last request: 4.007389 seconds.
  path: Assets/Art/Buttons/CE.png
  artifactKey: Guid(175eb456bf54de3459307ad5056964a8) Importer(815301076,1909f56bfc062723c751e8b465ee728b)
Start importing Assets/Art/Buttons/CE.png using Guid(175eb456bf54de3459307ad5056964a8) Importer(815301076,1909f56bfc062723c751e8b465ee728b)  -> (artifact id: 'b5f3c4058a6af9f76df21ef0b84c8e9d') in 0.101151 seconds 
  Import took 0.107720 seconds .

========================================================================
Received Import Request.
  Time since last request: 33.575254 seconds.
  path: Assets/Art/Buttons/ScreenShot_20220113104624.png
  artifactKey: Guid(27e5e66867e00b748bab7a77ef03b38b) Importer(815301076,1909f56bfc062723c751e8b465ee728b)
Start importing Assets/Art/Buttons/ScreenShot_20220113104624.png using Guid(27e5e66867e00b748bab7a77ef03b38b) Importer(815301076,1909f56bfc062723c751e8b465ee728b)  -> (artifact id: '416b1bbac7c5efb7f7ec56274480ab4e') in 0.108815 seconds 
  Import took 0.116384 seconds .

========================================================================
Received Import Request.
  Time since last request: 3.198634 seconds.
  path: Assets/Art/Buttons/C.png
  artifactKey: Guid(27e5e66867e00b748bab7a77ef03b38b) Importer(815301076,1909f56bfc062723c751e8b465ee728b)
Start importing Assets/Art/Buttons/C.png using Guid(27e5e66867e00b748bab7a77ef03b38b) Importer(815301076,1909f56bfc062723c751e8b465ee728b)  -> (artifact id: '92840573f651e2569e5c54eb67d3af6d') in 0.084216 seconds 
  Import took 0.094061 seconds .

========================================================================
Received Import Request.
  Time since last request: 83.419648 seconds.
  path: Assets/Art/Buttons/ScreenShot_20220113104750.png
  artifactKey: Guid(d5c22e1389a80dd44bf704c36f8deddd) Importer(815301076,1909f56bfc062723c751e8b465ee728b)
Start importing Assets/Art/Buttons/ScreenShot_20220113104750.png using Guid(d5c22e1389a80dd44bf704c36f8deddd) Importer(815301076,1909f56bfc062723c751e8b465ee728b)  -> (artifact id: 'fb575dd51786c5d437a62dcdffff2b5c') in 0.084412 seconds 
  Import took 0.092609 seconds .

========================================================================
Received Import Request.
  Time since last request: 9.605501 seconds.
  path: Assets/Art/Buttons/Backspace.png
  artifactKey: Guid(d5c22e1389a80dd44bf704c36f8deddd) Importer(815301076,1909f56bfc062723c751e8b465ee728b)
Start importing Assets/Art/Buttons/Backspace.png using Guid(d5c22e1389a80dd44bf704c36f8deddd) Importer(815301076,1909f56bfc062723c751e8b465ee728b)  -> (artifact id: 'b2bfe188e59a0226f03cf236a1fa30e5') in 0.079571 seconds 
  Import took 0.088422 seconds .

========================================================================
Received Import Request.
  Time since last request: 94.266977 seconds.
  path: Assets/Art/Buttons/ScreenShot_20220113104935.png
  artifactKey: Guid(f25d70ca7bfc0b94b916c6236fd6c4fa) Importer(815301076,1909f56bfc062723c751e8b465ee728b)
Start importing Assets/Art/Buttons/ScreenShot_20220113104935.png using Guid(f25d70ca7bfc0b94b916c6236fd6c4fa) Importer(815301076,1909f56bfc062723c751e8b465ee728b)  -> (artifact id: '98cf150da1cab69902651d9e7a689cb0') in 0.040864 seconds 
  Import took 0.052473 seconds .

========================================================================
Received Import Request.
  Time since last request: 14.228113 seconds.
  path: Assets/Art/Buttons/1-x.png
  artifactKey: Guid(f25d70ca7bfc0b94b916c6236fd6c4fa) Importer(815301076,1909f56bfc062723c751e8b465ee728b)
Start importing Assets/Art/Buttons/1-x.png using Guid(f25d70ca7bfc0b94b916c6236fd6c4fa) Importer(815301076,1909f56bfc062723c751e8b465ee728b)  -> (artifact id: '245efd64e31cd1931fdd2e96d6647f95') in 0.082903 seconds 
  Import took 0.091090 seconds .

========================================================================
Received Import Request.
  Time since last request: 7.366404 seconds.
  path: Assets/Art/Buttons/1%.png
  artifactKey: Guid(4fc29513a95071b4aa930b58f60dd80e) Importer(815301076,1909f56bfc062723c751e8b465ee728b)
Start importing Assets/Art/Buttons/1%.png using Guid(4fc29513a95071b4aa930b58f60dd80e) Importer(815301076,1909f56bfc062723c751e8b465ee728b)  -> (artifact id: 'a691537bd8e8a390091b1e4fe33341a4') in 0.081879 seconds 
  Import took 0.090417 seconds .

========================================================================
Received Import Request.
  Time since last request: 5.310467 seconds.
  path: Assets/Art/Buttons/2CE.png
  artifactKey: Guid(175eb456bf54de3459307ad5056964a8) Importer(815301076,1909f56bfc062723c751e8b465ee728b)
Start importing Assets/Art/Buttons/2CE.png using Guid(175eb456bf54de3459307ad5056964a8) Importer(815301076,1909f56bfc062723c751e8b465ee728b)  -> (artifact id: '91709787f581677188b461674f68ac4b') in 0.081197 seconds 
  Import took 0.087783 seconds .

========================================================================
Received Import Request.
  Time since last request: 5.026701 seconds.
  path: Assets/Art/Buttons/3C.png
  artifactKey: Guid(27e5e66867e00b748bab7a77ef03b38b) Importer(815301076,1909f56bfc062723c751e8b465ee728b)
Start importing Assets/Art/Buttons/3C.png using Guid(27e5e66867e00b748bab7a77ef03b38b) Importer(815301076,1909f56bfc062723c751e8b465ee728b)  -> (artifact id: '696a7d2c733a1ffb74ae96077b550281') in 0.082003 seconds 
  Import took 0.090307 seconds .

========================================================================
Received Import Request.
  Time since last request: 2.733059 seconds.
  path: Assets/Art/Buttons/4Backspace.png
  artifactKey: Guid(d5c22e1389a80dd44bf704c36f8deddd) Importer(815301076,1909f56bfc062723c751e8b465ee728b)
Start importing Assets/Art/Buttons/4Backspace.png using Guid(d5c22e1389a80dd44bf704c36f8deddd) Importer(815301076,1909f56bfc062723c751e8b465ee728b)  -> (artifact id: '86be2be84bb0f7914c3473eceb3b7f6c') in 0.081385 seconds 
  Import took 0.087596 seconds .

========================================================================
Received Import Request.
  Time since last request: 3.645889 seconds.
  path: Assets/Art/Buttons/51-x.png
  artifactKey: Guid(f25d70ca7bfc0b94b916c6236fd6c4fa) Importer(815301076,1909f56bfc062723c751e8b465ee728b)
Start importing Assets/Art/Buttons/51-x.png using Guid(f25d70ca7bfc0b94b916c6236fd6c4fa) Importer(815301076,1909f56bfc062723c751e8b465ee728b)  -> (artifact id: '0475d58d27d03b41fae4e92999216100') in 0.081918 seconds 
  Import took 0.090874 seconds .

========================================================================
Received Import Request.
  Time since last request: 40.531806 seconds.
  path: Assets/Art/Buttons/ScreenShot_20220113105051.png
  artifactKey: Guid(b4bf0bd47e368cf46bc8614d47802ba0) Importer(815301076,1909f56bfc062723c751e8b465ee728b)
Start importing Assets/Art/Buttons/ScreenShot_20220113105051.png using Guid(b4bf0bd47e368cf46bc8614d47802ba0) Importer(815301076,1909f56bfc062723c751e8b465ee728b)  -> (artifact id: 'ac3db2fce44c4c55591b27d249c89a4d') in 0.109019 seconds 
  Import took 0.117842 seconds .

========================================================================
Received Import Request.
  Time since last request: 2.863653 seconds.
  path: Assets/Art/Buttons/97.png
  artifactKey: Guid(b4bf0bd47e368cf46bc8614d47802ba0) Importer(815301076,1909f56bfc062723c751e8b465ee728b)
Start importing Assets/Art/Buttons/97.png using Guid(b4bf0bd47e368cf46bc8614d47802ba0) Importer(815301076,1909f56bfc062723c751e8b465ee728b)  -> (artifact id: '248340a6a42a7158588a785bc22876ae') in 0.091757 seconds 
  Import took 0.103187 seconds .

========================================================================
Received Import Request.
  Time since last request: 5.258736 seconds.
  path: Assets/Art/Buttons/1_%.png
  artifactKey: Guid(4fc29513a95071b4aa930b58f60dd80e) Importer(815301076,1909f56bfc062723c751e8b465ee728b)
Start importing Assets/Art/Buttons/1_%.png using Guid(4fc29513a95071b4aa930b58f60dd80e) Importer(815301076,1909f56bfc062723c751e8b465ee728b)  -> (artifact id: 'f111d9c898131eae3cdf50f9a7d14043') in 0.076958 seconds 
  Import took 0.083522 seconds .

========================================================================
Received Import Request.
  Time since last request: 3.576451 seconds.
  path: Assets/Art/Buttons/2_CE.png
  artifactKey: Guid(175eb456bf54de3459307ad5056964a8) Importer(815301076,1909f56bfc062723c751e8b465ee728b)
Start importing Assets/Art/Buttons/2_CE.png using Guid(175eb456bf54de3459307ad5056964a8) Importer(815301076,1909f56bfc062723c751e8b465ee728b)  -> (artifact id: 'fa721f1ddfc3770993747255adda6049') in 0.088807 seconds 
  Import took 0.095828 seconds .

========================================================================
Received Import Request.
  Time since last request: 3.414568 seconds.
  path: Assets/Art/Buttons/3_C.png
  artifactKey: Guid(27e5e66867e00b748bab7a77ef03b38b) Importer(815301076,1909f56bfc062723c751e8b465ee728b)
Start importing Assets/Art/Buttons/3_C.png using Guid(27e5e66867e00b748bab7a77ef03b38b) Importer(815301076,1909f56bfc062723c751e8b465ee728b)  -> (artifact id: '13001119f2f649c5102a486000f29e3c') in 0.084850 seconds 
  Import took 0.092447 seconds .

========================================================================
Received Import Request.
  Time since last request: 3.537813 seconds.
  path: Assets/Art/Buttons/4_Backspace.png
  artifactKey: Guid(d5c22e1389a80dd44bf704c36f8deddd) Importer(815301076,1909f56bfc062723c751e8b465ee728b)
Start importing Assets/Art/Buttons/4_Backspace.png using Guid(d5c22e1389a80dd44bf704c36f8deddd) Importer(815301076,1909f56bfc062723c751e8b465ee728b)  -> (artifact id: '5ebd21ad2c76ba0636e1b3dd0eb49139') in 0.082738 seconds 
  Import took 0.089967 seconds .

========================================================================
Received Import Request.
  Time since last request: 4.341195 seconds.
  path: Assets/Art/Buttons/5_1-x.png
  artifactKey: Guid(f25d70ca7bfc0b94b916c6236fd6c4fa) Importer(815301076,1909f56bfc062723c751e8b465ee728b)
Start importing Assets/Art/Buttons/5_1-x.png using Guid(f25d70ca7bfc0b94b916c6236fd6c4fa) Importer(815301076,1909f56bfc062723c751e8b465ee728b)  -> (artifact id: '64c2f27050b59fdd2c38bd9224d5b121') in 0.084934 seconds 
  Import took 0.091643 seconds .

========================================================================
Received Import Request.
  Time since last request: 3.790833 seconds.
  path: Assets/Art/Buttons/9_7.png
  artifactKey: Guid(b4bf0bd47e368cf46bc8614d47802ba0) Importer(815301076,1909f56bfc062723c751e8b465ee728b)
Start importing Assets/Art/Buttons/9_7.png using Guid(b4bf0bd47e368cf46bc8614d47802ba0) Importer(815301076,1909f56bfc062723c751e8b465ee728b)  -> (artifact id: '0fbe2773a5898b1ad5ab8f131b7ed0bb') in 0.082250 seconds 
  Import took 0.090412 seconds .

========================================================================
Received Import Request.
  Time since last request: 68.142456 seconds.
  path: Assets/Art/Buttons/ScreenShot_20220113105229.png
  artifactKey: Guid(289c5a3a328926949b045b83c45388b6) Importer(815301076,1909f56bfc062723c751e8b465ee728b)
Start importing Assets/Art/Buttons/ScreenShot_20220113105229.png using Guid(289c5a3a328926949b045b83c45388b6) Importer(815301076,1909f56bfc062723c751e8b465ee728b)  -> (artifact id: 'f7b4f354e5a51b5abc015d96e3e27bc8') in 0.050370 seconds 
  Import took 0.057915 seconds .

========================================================================
Received Import Request.
  Time since last request: 9.432916 seconds.
  path: Assets/Art/Buttons/13_4.png
  artifactKey: Guid(289c5a3a328926949b045b83c45388b6) Importer(815301076,1909f56bfc062723c751e8b465ee728b)
Start importing Assets/Art/Buttons/13_4.png using Guid(289c5a3a328926949b045b83c45388b6) Importer(815301076,1909f56bfc062723c751e8b465ee728b)  -> (artifact id: '0aa9f97ee0efc872d9d1f74e6e01a05c') in 0.033308 seconds 
  Import took 0.040760 seconds .

========================================================================
Received Import Request.
  Time since last request: 204.017542 seconds.
  path: Assets/Art/Buttons/ScreenShot_20220113105603.png
  artifactKey: Guid(8f4084ff28c65d04fbbf5af79ae6d7a1) Importer(815301076,1909f56bfc062723c751e8b465ee728b)
Start importing Assets/Art/Buttons/ScreenShot_20220113105603.png using Guid(8f4084ff28c65d04fbbf5af79ae6d7a1) Importer(815301076,1909f56bfc062723c751e8b465ee728b)  -> (artifact id: '5fc8e92de5c4b30b28dff602573cfedf') in 0.055945 seconds 
  Import took 0.063009 seconds .

========================================================================
Received Import Request.
  Time since last request: 9.682543 seconds.
  path: Assets/Art/Buttons/17_1.png
  artifactKey: Guid(8f4084ff28c65d04fbbf5af79ae6d7a1) Importer(815301076,1909f56bfc062723c751e8b465ee728b)
Start importing Assets/Art/Buttons/17_1.png using Guid(8f4084ff28c65d04fbbf5af79ae6d7a1) Importer(815301076,1909f56bfc062723c751e8b465ee728b)  -> (artifact id: '9418e4e3f9cf60bbee65e1dacdb45833') in 0.039487 seconds 
  Import took 0.046926 seconds .

========================================================================
Received Import Request.
  Time since last request: 43.817516 seconds.
  path: Assets/Art/Buttons/ScreenShot_20220113105658.png
  artifactKey: Guid(3f3d7b0d2a3522244b7430776eb3fe54) Importer(815301076,1909f56bfc062723c751e8b465ee728b)
Start importing Assets/Art/Buttons/ScreenShot_20220113105658.png using Guid(3f3d7b0d2a3522244b7430776eb3fe54) Importer(815301076,1909f56bfc062723c751e8b465ee728b)  -> (artifact id: '4805ddc671fd355aa9f877ccfa62c0d5') in 0.045893 seconds 
  Import took 0.054279 seconds .

========================================================================
Received Import Request.
  Time since last request: 26.672118 seconds.
  path: Assets/Art/Buttons/21_--.png
  artifactKey: Guid(3f3d7b0d2a3522244b7430776eb3fe54) Importer(815301076,1909f56bfc062723c751e8b465ee728b)
Start importing Assets/Art/Buttons/21_--.png using Guid(3f3d7b0d2a3522244b7430776eb3fe54) Importer(815301076,1909f56bfc062723c751e8b465ee728b)  -> (artifact id: 'b574b44b300cd82567a56d2afd1bc873') in 0.039413 seconds 
  Import took 0.048874 seconds .

========================================================================
Received Import Request.
  Time since last request: 507.847101 seconds.
  path: Assets/Art/Buttons/ScreenShot_20220113110552.png
  artifactKey: Guid(884f2a35ad13d8e4ab8669cdb1a1ee40) Importer(815301076,1909f56bfc062723c751e8b465ee728b)
Start importing Assets/Art/Buttons/ScreenShot_20220113110552.png using Guid(884f2a35ad13d8e4ab8669cdb1a1ee40) Importer(815301076,1909f56bfc062723c751e8b465ee728b)  -> (artifact id: '2a9862f66b92492c196a34caa0b124aa') in 0.047480 seconds 
  Import took 0.057650 seconds .

========================================================================
Received Import Request.
  Time since last request: 7.716042 seconds.
  path: Assets/Art/Buttons/6_x2.png
  artifactKey: Guid(884f2a35ad13d8e4ab8669cdb1a1ee40) Importer(815301076,1909f56bfc062723c751e8b465ee728b)
Start importing Assets/Art/Buttons/6_x2.png using Guid(884f2a35ad13d8e4ab8669cdb1a1ee40) Importer(815301076,1909f56bfc062723c751e8b465ee728b)  -> (artifact id: '04a5feb534090dbd53b5916771dce289') in 0.047460 seconds 
  Import took 0.056199 seconds .

========================================================================
Received Import Request.
  Time since last request: 47.086314 seconds.
  path: Assets/Art/Buttons/ScreenShot_20220113110647.png
  artifactKey: Guid(b21399fe6f6ccc74b8d240cfb3918d3e) Importer(815301076,1909f56bfc062723c751e8b465ee728b)
Start importing Assets/Art/Buttons/ScreenShot_20220113110647.png using Guid(b21399fe6f6ccc74b8d240cfb3918d3e) Importer(815301076,1909f56bfc062723c751e8b465ee728b)  -> (artifact id: 'dacf869b3cbf889d713366f959394cb9') in 0.054245 seconds 
  Import took 0.061036 seconds .

========================================================================
Received Import Request.
  Time since last request: 12.801197 seconds.
  path: Assets/Art/Buttons/7_2-x.png
  artifactKey: Guid(b21399fe6f6ccc74b8d240cfb3918d3e) Importer(815301076,1909f56bfc062723c751e8b465ee728b)
Start importing Assets/Art/Buttons/7_2-x.png using Guid(b21399fe6f6ccc74b8d240cfb3918d3e) Importer(815301076,1909f56bfc062723c751e8b465ee728b)  -> (artifact id: 'eecd56cc00ec186490627c63e8c8e6c2') in 0.048225 seconds 
  Import took 0.056635 seconds .

========================================================================
Received Import Request.
  Time since last request: 92.604762 seconds.
  path: Assets/Art/Buttons/ScreenShot_20220113110833.png
  artifactKey: Guid(f790552b325cc7d4ca7c344a400d793a) Importer(815301076,1909f56bfc062723c751e8b465ee728b)
Start importing Assets/Art/Buttons/ScreenShot_20220113110833.png using Guid(f790552b325cc7d4ca7c344a400d793a) Importer(815301076,1909f56bfc062723c751e8b465ee728b)  -> (artifact id: 'b3d876fe69ba13cffdeaefbe3fecb25a') in 0.068806 seconds 
  Import took 0.076317 seconds .

========================================================================
Received Import Request.
  Time since last request: 10.598114 seconds.
  path: Assets/Art/Buttons/8_Division.png
  artifactKey: Guid(f790552b325cc7d4ca7c344a400d793a) Importer(815301076,1909f56bfc062723c751e8b465ee728b)
Start importing Assets/Art/Buttons/8_Division.png using Guid(f790552b325cc7d4ca7c344a400d793a) Importer(815301076,1909f56bfc062723c751e8b465ee728b)  -> (artifact id: 'e84d2427b0654a68845ede45e57e4b6e') in 0.058282 seconds 
  Import took 0.068186 seconds .

========================================================================
Received Import Request.
  Time since last request: 18.490279 seconds.
  path: Assets/Art/Buttons/ScreenShot_20220113110902.png
  artifactKey: Guid(61628a947f4b4ee47aa3ab6a78add233) Importer(815301076,1909f56bfc062723c751e8b465ee728b)
Start importing Assets/Art/Buttons/ScreenShot_20220113110902.png using Guid(61628a947f4b4ee47aa3ab6a78add233) Importer(815301076,1909f56bfc062723c751e8b465ee728b)  -> (artifact id: '6d9f2373963de483dec8d86139889e26') in 0.050541 seconds 
  Import took 0.061180 seconds .

========================================================================
Received Import Request.
  Time since last request: 7.046307 seconds.
  path: Assets/Art/Buttons/10_8.png
  artifactKey: Guid(61628a947f4b4ee47aa3ab6a78add233) Importer(815301076,1909f56bfc062723c751e8b465ee728b)
Start importing Assets/Art/Buttons/10_8.png using Guid(61628a947f4b4ee47aa3ab6a78add233) Importer(815301076,1909f56bfc062723c751e8b465ee728b)  -> (artifact id: 'acadb2c9db8d2a755b981d02ce584cf7') in 0.047926 seconds 
  Import took 0.054992 seconds .

========================================================================
Received Import Request.
  Time since last request: 19.438582 seconds.
  path: Assets/Art/Buttons/ScreenShot_20220113110928.png
  artifactKey: Guid(76376d2b4ec3f9247a3f56dfe4db0ed0) Importer(815301076,1909f56bfc062723c751e8b465ee728b)
Start importing Assets/Art/Buttons/ScreenShot_20220113110928.png using Guid(76376d2b4ec3f9247a3f56dfe4db0ed0) Importer(815301076,1909f56bfc062723c751e8b465ee728b)  -> (artifact id: '5e26de19287fc98937637de11e4e40f2') in 0.055218 seconds 
  Import took 0.061828 seconds .

========================================================================
Received Import Request.
  Time since last request: 3.703468 seconds.
  path: Assets/Art/Buttons/11_9.png
  artifactKey: Guid(76376d2b4ec3f9247a3f56dfe4db0ed0) Importer(815301076,1909f56bfc062723c751e8b465ee728b)
Start importing Assets/Art/Buttons/11_9.png using Guid(76376d2b4ec3f9247a3f56dfe4db0ed0) Importer(815301076,1909f56bfc062723c751e8b465ee728b)  -> (artifact id: 'a2b0e46feaf00be1e74c20e91e6b27ba') in 0.050585 seconds 
  Import took 0.059088 seconds .

========================================================================
Received Import Request.
  Time since last request: 95.972890 seconds.
  path: Assets/Art/Buttons/ScreenShot_20220113111100.png
  artifactKey: Guid(1dca30ea65027354cb48ac5e03552866) Importer(815301076,1909f56bfc062723c751e8b465ee728b)
Start importing Assets/Art/Buttons/ScreenShot_20220113111100.png using Guid(1dca30ea65027354cb48ac5e03552866) Importer(815301076,1909f56bfc062723c751e8b465ee728b)  -> (artifact id: '38a1cdf99823ad162261629a0b8fdcac') in 0.046676 seconds 
  Import took 0.054093 seconds .

========================================================================
Received Import Request.
  Time since last request: 1.088784 seconds.
  path: Assets/Art/Buttons/ScreenShot_20220113111006.png
  artifactKey: Guid(6e01a35c2d88da14f8939c46b4a86b5e) Importer(815301076,1909f56bfc062723c751e8b465ee728b)
Start importing Assets/Art/Buttons/ScreenShot_20220113111006.png using Guid(6e01a35c2d88da14f8939c46b4a86b5e) Importer(815301076,1909f56bfc062723c751e8b465ee728b)  -> (artifact id: 'f3c36494444afbf4c8dcdf9ad183fa5a') in 0.044696 seconds 
  Import took 0.053838 seconds .

========================================================================
Received Import Request.
  Time since last request: 19.401173 seconds.
  path: Assets/Art/Buttons/12_Multiply.png
  artifactKey: Guid(6e01a35c2d88da14f8939c46b4a86b5e) Importer(815301076,1909f56bfc062723c751e8b465ee728b)
Start importing Assets/Art/Buttons/12_Multiply.png using Guid(6e01a35c2d88da14f8939c46b4a86b5e) Importer(815301076,1909f56bfc062723c751e8b465ee728b)  -> (artifact id: '26a8dfa6e5950f2eb1ff9be7232d4a03') in 0.035250 seconds 
  Import took 0.043651 seconds .

========================================================================
Received Import Request.
  Time since last request: 590.312369 seconds.
  path: Assets/Art/Buttons/ScreenShot_20220113112118.png
  artifactKey: Guid(2d3820d30eafddf43acdb1eac905115b) Importer(815301076,1909f56bfc062723c751e8b465ee728b)
Start importing Assets/Art/Buttons/ScreenShot_20220113112118.png using Guid(2d3820d30eafddf43acdb1eac905115b) Importer(815301076,1909f56bfc062723c751e8b465ee728b)  -> (artifact id: 'ff91414283ed9746effa81c202f3e6b1') in 0.075157 seconds 
  Import took 0.084361 seconds .

========================================================================
Received Import Request.
  Time since last request: 7.841794 seconds.
  path: Assets/Art/Buttons/8_Divide.png
  artifactKey: Guid(2d3820d30eafddf43acdb1eac905115b) Importer(815301076,1909f56bfc062723c751e8b465ee728b)
Start importing Assets/Art/Buttons/8_Divide.png using Guid(2d3820d30eafddf43acdb1eac905115b) Importer(815301076,1909f56bfc062723c751e8b465ee728b)  -> (artifact id: '2e421aeb52fd54038e178abf051b15b9') in 0.050546 seconds 
  Import took 0.058179 seconds .

========================================================================
Received Import Request.
  Time since last request: 130.975028 seconds.
  path: Assets/Art/Buttons/ScreenShot_20220113112337.png
  artifactKey: Guid(a2380eb4277d558428f6550a77d6a510) Importer(815301076,1909f56bfc062723c751e8b465ee728b)
Start importing Assets/Art/Buttons/ScreenShot_20220113112337.png using Guid(a2380eb4277d558428f6550a77d6a510) Importer(815301076,1909f56bfc062723c751e8b465ee728b)  -> (artifact id: 'a099449f04ff87ba76a8c246e09bbf60') in 0.052079 seconds 
  Import took 0.060741 seconds .

========================================================================
Received Import Request.
  Time since last request: 45.236384 seconds.
  path: Assets/Art/Buttons/12_Multiply.png
  artifactKey: Guid(a2380eb4277d558428f6550a77d6a510) Importer(815301076,1909f56bfc062723c751e8b465ee728b)
Start importing Assets/Art/Buttons/12_Multiply.png using Guid(a2380eb4277d558428f6550a77d6a510) Importer(815301076,1909f56bfc062723c751e8b465ee728b)  -> (artifact id: 'b8a6d4c3ee54ba774ec680eabc25e2be') in 0.055962 seconds 
  Import took 0.062786 seconds .

========================================================================
Received Import Request.
  Time since last request: 163.863844 seconds.
  path: Assets/Art/Buttons/ScreenShot_20220113112707.png
  artifactKey: Guid(916c60aa024e2684ba748a5e099bb4fb) Importer(815301076,1909f56bfc062723c751e8b465ee728b)
Start importing Assets/Art/Buttons/ScreenShot_20220113112707.png using Guid(916c60aa024e2684ba748a5e099bb4fb) Importer(815301076,1909f56bfc062723c751e8b465ee728b)  -> (artifact id: 'a7da5facc452d496038b729b5fc2b284') in 0.068947 seconds 
  Import took 0.075059 seconds .

========================================================================
Received Import Request.
  Time since last request: 7.125890 seconds.
  path: Assets/Art/Buttons/14_5.png
  artifactKey: Guid(916c60aa024e2684ba748a5e099bb4fb) Importer(815301076,1909f56bfc062723c751e8b465ee728b)
Start importing Assets/Art/Buttons/14_5.png using Guid(916c60aa024e2684ba748a5e099bb4fb) Importer(815301076,1909f56bfc062723c751e8b465ee728b)  -> (artifact id: '1e84ca88b157099e6dc8ab7badeb5a76') in 0.092811 seconds 
  Import took 0.105921 seconds .

========================================================================
Received Import Request.
  Time since last request: 57.907840 seconds.
  path: Assets/Art/Buttons/ScreenShot_20220113112812.png
  artifactKey: Guid(d92b6d54c6770d6479a6825d32340604) Importer(815301076,1909f56bfc062723c751e8b465ee728b)
Start importing Assets/Art/Buttons/ScreenShot_20220113112812.png using Guid(d92b6d54c6770d6479a6825d32340604) Importer(815301076,1909f56bfc062723c751e8b465ee728b)  -> (artifact id: '13b8f2dfd1dda98b67e7e171fcacca9b') in 0.042594 seconds 
  Import took 0.052306 seconds .

========================================================================
Received Import Request.
  Time since last request: 4.526167 seconds.
  path: Assets/Art/Buttons/15_6.png
  artifactKey: Guid(d92b6d54c6770d6479a6825d32340604) Importer(815301076,1909f56bfc062723c751e8b465ee728b)
Start importing Assets/Art/Buttons/15_6.png using Guid(d92b6d54c6770d6479a6825d32340604) Importer(815301076,1909f56bfc062723c751e8b465ee728b)  -> (artifact id: 'd47bb54f347ef3fc7c1c72cda148f580') in 0.059960 seconds 
  Import took 0.074654 seconds .

========================================================================
Received Import Request.
  Time since last request: 47.116217 seconds.
  path: Assets/Art/Buttons/ScreenShot_20220113112904.png
  artifactKey: Guid(6ef346f4e8bf3874d8def7a3bd99e9c4) Importer(815301076,1909f56bfc062723c751e8b465ee728b)
Start importing Assets/Art/Buttons/ScreenShot_20220113112904.png using Guid(6ef346f4e8bf3874d8def7a3bd99e9c4) Importer(815301076,1909f56bfc062723c751e8b465ee728b)  -> (artifact id: 'be04ec9dd615f39058046825f3a3ade0') in 0.072442 seconds 
  Import took 0.081699 seconds .

========================================================================
Received Import Request.
  Time since last request: 9.229466 seconds.
  path: Assets/Art/Buttons/16_-.png
  artifactKey: Guid(6ef346f4e8bf3874d8def7a3bd99e9c4) Importer(815301076,1909f56bfc062723c751e8b465ee728b)
Start importing Assets/Art/Buttons/16_-.png using Guid(6ef346f4e8bf3874d8def7a3bd99e9c4) Importer(815301076,1909f56bfc062723c751e8b465ee728b)  -> (artifact id: '32c5ce42fe5e52db2e6d9ff4a77e7fae') in 0.034822 seconds 
  Import took 0.045641 seconds .

========================================================================
Received Import Request.
  Time since last request: 20.070332 seconds.
  path: Assets/Art/Buttons/ScreenShot_20220113112934.png
  artifactKey: Guid(fe2d9fb78fef00a4bbca605bb045681d) Importer(815301076,1909f56bfc062723c751e8b465ee728b)
Start importing Assets/Art/Buttons/ScreenShot_20220113112934.png using Guid(fe2d9fb78fef00a4bbca605bb045681d) Importer(815301076,1909f56bfc062723c751e8b465ee728b)  -> (artifact id: '2e6cbe51af9c3e5139a67e2ae73c62a5') in 0.067930 seconds 
  Import took 0.081845 seconds .

========================================================================
Received Import Request.
  Time since last request: 5.700940 seconds.
  path: Assets/Art/Buttons/18_2.png
  artifactKey: Guid(fe2d9fb78fef00a4bbca605bb045681d) Importer(815301076,1909f56bfc062723c751e8b465ee728b)
Start importing Assets/Art/Buttons/18_2.png using Guid(fe2d9fb78fef00a4bbca605bb045681d) Importer(815301076,1909f56bfc062723c751e8b465ee728b)  -> (artifact id: '013e90b8e1523c08a1e0cd7e59442e87') in 0.040540 seconds 
  Import took 0.050354 seconds .

========================================================================
Received Import Request.
  Time since last request: 42.197795 seconds.
  path: Assets/Art/Buttons/ScreenShot_20220113113017.png
  artifactKey: Guid(aa33564319a7f37499ffb7f77f5c26de) Importer(815301076,1909f56bfc062723c751e8b465ee728b)
Start importing Assets/Art/Buttons/ScreenShot_20220113113017.png using Guid(aa33564319a7f37499ffb7f77f5c26de) Importer(815301076,1909f56bfc062723c751e8b465ee728b)  -> (artifact id: '41c281c2b8f5988239c6477b7eb14b04') in 0.088188 seconds 
  Import took 0.096482 seconds .

========================================================================
Received Import Request.
  Time since last request: 58.214954 seconds.
  path: Assets/Art/Buttons/19_3.png
  artifactKey: Guid(aa33564319a7f37499ffb7f77f5c26de) Importer(815301076,1909f56bfc062723c751e8b465ee728b)
Start importing Assets/Art/Buttons/19_3.png using Guid(aa33564319a7f37499ffb7f77f5c26de) Importer(815301076,1909f56bfc062723c751e8b465ee728b)  -> (artifact id: 'a0032416fb6a23daeddffb5805494a2e') in 0.072436 seconds 
  Import took 0.079475 seconds .

========================================================================
Received Import Request.
  Time since last request: 23.704228 seconds.
  path: Assets/Scenes
  artifactKey: Guid(753414a07c140e1439745ea4b40d3e98) Importer(815301076,1909f56bfc062723c751e8b465ee728b)
Start importing Assets/Scenes using Guid(753414a07c140e1439745ea4b40d3e98) Importer(815301076,1909f56bfc062723c751e8b465ee728b)  -> (artifact id: '95081831c1e38005893b83c502a2ce50') in 0.016641 seconds 
  Import took 0.023009 seconds .

========================================================================
Received Import Request.
  Time since last request: 0.347123 seconds.
  path: Assets/Art/Buttons/ScreenShot_20220113113144.png
  artifactKey: Guid(e00299ff01156f847820f877ae724234) Importer(815301076,1909f56bfc062723c751e8b465ee728b)
Start importing Assets/Art/Buttons/ScreenShot_20220113113144.png using Guid(e00299ff01156f847820f877ae724234) Importer(815301076,1909f56bfc062723c751e8b465ee728b)  -> (artifact id: '1919c36aabf11e62a52a6f0363a464d0') in 0.081421 seconds 
  Import took 0.089576 seconds .

========================================================================
Received Import Request.
  Time since last request: 5.265613 seconds.
  path: Assets/Art/Buttons/20_+.png
  artifactKey: Guid(e00299ff01156f847820f877ae724234) Importer(815301076,1909f56bfc062723c751e8b465ee728b)
Start importing Assets/Art/Buttons/20_+.png using Guid(e00299ff01156f847820f877ae724234) Importer(815301076,1909f56bfc062723c751e8b465ee728b)  -> (artifact id: 'd55ebc9d0fbcf94f8289c228ad5baeee') in 0.060777 seconds 
  Import took 0.067508 seconds .

========================================================================
Received Import Request.
  Time since last request: 20.614109 seconds.
  path: Assets/Art/Buttons/ScreenShot_20220113113210.png
  artifactKey: Guid(8e88c057a5f4abf4bad34aa93a7f6805) Importer(815301076,1909f56bfc062723c751e8b465ee728b)
Start importing Assets/Art/Buttons/ScreenShot_20220113113210.png using Guid(8e88c057a5f4abf4bad34aa93a7f6805) Importer(815301076,1909f56bfc062723c751e8b465ee728b)  -> (artifact id: 'e28f2539f72cb7b82c0c9883bbc6b8e7') in 0.085809 seconds 
  Import took 0.095529 seconds .

========================================================================
Received Import Request.
  Time since last request: 6.493293 seconds.
  path: Assets/Art/Buttons/22_0.png
  artifactKey: Guid(8e88c057a5f4abf4bad34aa93a7f6805) Importer(815301076,1909f56bfc062723c751e8b465ee728b)
Start importing Assets/Art/Buttons/22_0.png using Guid(8e88c057a5f4abf4bad34aa93a7f6805) Importer(815301076,1909f56bfc062723c751e8b465ee728b)  -> (artifact id: '77e223c595b61481a96d02caa0dfbafa') in 0.067048 seconds 
  Import took 0.074732 seconds .

========================================================================
Received Import Request.
  Time since last request: 23.669913 seconds.
  path: Assets/Art/Buttons/ScreenShot_20220113113232.png
  artifactKey: Guid(1ebcef84ff5ce264d955d33e12310077) Importer(815301076,1909f56bfc062723c751e8b465ee728b)
Start importing Assets/Art/Buttons/ScreenShot_20220113113232.png using Guid(1ebcef84ff5ce264d955d33e12310077) Importer(815301076,1909f56bfc062723c751e8b465ee728b)  -> (artifact id: '27f104a0c725279aa451711065d2739b') in 0.087464 seconds 
  Import took 0.099424 seconds .

========================================================================
Received Import Request.
  Time since last request: 4.886872 seconds.
  path: Assets/Art/Buttons/23_,.png
  artifactKey: Guid(1ebcef84ff5ce264d955d33e12310077) Importer(815301076,1909f56bfc062723c751e8b465ee728b)
Start importing Assets/Art/Buttons/23_,.png using Guid(1ebcef84ff5ce264d955d33e12310077) Importer(815301076,1909f56bfc062723c751e8b465ee728b)  -> (artifact id: 'b88bac3213376aaacb907e880fe03cd2') in 0.065993 seconds 
  Import took 0.074402 seconds .

========================================================================
Received Import Request.
  Time since last request: 45.055371 seconds.
  path: Assets/Art/Buttons/ScreenShot_20220113113331.png
  artifactKey: Guid(a4efd27bbfb4dfd45bde8886bc9ad80d) Importer(815301076,1909f56bfc062723c751e8b465ee728b)
Start importing Assets/Art/Buttons/ScreenShot_20220113113331.png using Guid(a4efd27bbfb4dfd45bde8886bc9ad80d) Importer(815301076,1909f56bfc062723c751e8b465ee728b)  -> (artifact id: '333671cb0845717472b5d263d67a874c') in 0.041884 seconds 
  Import took 0.049632 seconds .

========================================================================
Received Import Request.
  Time since last request: 5.114399 seconds.
  path: Assets/Art/Buttons/24_=.png
  artifactKey: Guid(a4efd27bbfb4dfd45bde8886bc9ad80d) Importer(815301076,1909f56bfc062723c751e8b465ee728b)
Start importing Assets/Art/Buttons/24_=.png using Guid(a4efd27bbfb4dfd45bde8886bc9ad80d) Importer(815301076,1909f56bfc062723c751e8b465ee728b)  -> (artifact id: '80b5f3ed9c937d5dcc75970b61ca36e7') in 0.066542 seconds 
  Import took 0.074308 seconds .

========================================================================
Received Import Request.
  Time since last request: 477.767627 seconds.
  path: Assets/Art/Buttons/ScreenShot_20220113114134.png
  artifactKey: Guid(74938767a7d1d30419f2e6926fdf5fea) Importer(815301076,1909f56bfc062723c751e8b465ee728b)
Start importing Assets/Art/Buttons/ScreenShot_20220113114134.png using Guid(74938767a7d1d30419f2e6926fdf5fea) Importer(815301076,1909f56bfc062723c751e8b465ee728b)  -> (artifact id: '24d58a73625d7730edcece6968ffc704') in 0.073959 seconds 
  Import took 0.087134 seconds .

========================================================================
Received Import Request.
  Time since last request: 3.839640 seconds.
  path: Assets/Art/Buttons/History.png
  artifactKey: Guid(74938767a7d1d30419f2e6926fdf5fea) Importer(815301076,1909f56bfc062723c751e8b465ee728b)
Start importing Assets/Art/Buttons/History.png using Guid(74938767a7d1d30419f2e6926fdf5fea) Importer(815301076,1909f56bfc062723c751e8b465ee728b)  -> (artifact id: '4766707430b492491a91f18357759a7e') in 0.068972 seconds 
  Import took 0.075919 seconds .

========================================================================
Received Import Request.
  Time since last request: 86.192381 seconds.
  path: Assets/Art/Buttons/ScreenShot_20220113114304.png
  artifactKey: Guid(4c345a45b938df5458e0de825e0df660) Importer(815301076,1909f56bfc062723c751e8b465ee728b)
Start importing Assets/Art/Buttons/ScreenShot_20220113114304.png using Guid(4c345a45b938df5458e0de825e0df660) Importer(815301076,1909f56bfc062723c751e8b465ee728b)  -> (artifact id: 'ab3a983f86c7ce24d2accf61d308f3d1') in 0.086919 seconds 
  Import took 0.096515 seconds .

========================================================================
Received Import Request.
  Time since last request: 6.629881 seconds.
  path: Assets/Art/Buttons/History.png
  artifactKey: Guid(4c345a45b938df5458e0de825e0df660) Importer(815301076,1909f56bfc062723c751e8b465ee728b)
Start importing Assets/Art/Buttons/History.png using Guid(4c345a45b938df5458e0de825e0df660) Importer(815301076,1909f56bfc062723c751e8b465ee728b)  -> (artifact id: 'fbfc0c45e3ba5b22b62f9643c88d18c9') in 0.065589 seconds 
  Import took 0.074126 seconds .

========================================================================
Received Import Request.
  Time since last request: 35.637433 seconds.
  path: Assets/Art/Buttons/ScreenShot_20220113114346.png
  artifactKey: Guid(504d87474afa61c4c960a18dc8381a05) Importer(815301076,1909f56bfc062723c751e8b465ee728b)
Start importing Assets/Art/Buttons/ScreenShot_20220113114346.png using Guid(504d87474afa61c4c960a18dc8381a05) Importer(815301076,1909f56bfc062723c751e8b465ee728b)  -> (artifact id: 'fedb53ef777818fd86baebe8a737a87a') in 0.080428 seconds 
  Import took 0.090199 seconds .

========================================================================
Received Import Request.
  Time since last request: 19.309523 seconds.
  path: Assets/Art/Buttons/ScreenShot_20220113114406.png
  artifactKey: Guid(e8752647814600543b8d897cad3dbcce) Importer(815301076,1909f56bfc062723c751e8b465ee728b)
Start importing Assets/Art/Buttons/ScreenShot_20220113114406.png using Guid(e8752647814600543b8d897cad3dbcce) Importer(815301076,1909f56bfc062723c751e8b465ee728b)  -> (artifact id: 'ddf1e8deac3a6afffad3fcaac0f8f811') in 0.092314 seconds 
  Import took 0.104061 seconds .

========================================================================
Received Import Request.
  Time since last request: 11.566271 seconds.
  path: Assets/Art/Buttons/ScreenShot_20220113114418.png
  artifactKey: Guid(4da2cce454b709042b302bd6ad40d57a) Importer(815301076,1909f56bfc062723c751e8b465ee728b)
Start importing Assets/Art/Buttons/ScreenShot_20220113114418.png using Guid(4da2cce454b709042b302bd6ad40d57a) Importer(815301076,1909f56bfc062723c751e8b465ee728b)  -> (artifact id: '8adf97fca0caf08d48dec3cf7b0066f1') in 0.037230 seconds 
  Import took 0.046429 seconds .

========================================================================
Received Import Request.
  Time since last request: 9.309858 seconds.
  path: Assets/Art/Buttons/History.png
  artifactKey: Guid(4da2cce454b709042b302bd6ad40d57a) Importer(815301076,1909f56bfc062723c751e8b465ee728b)
Start importing Assets/Art/Buttons/History.png using Guid(4da2cce454b709042b302bd6ad40d57a) Importer(815301076,1909f56bfc062723c751e8b465ee728b)  -> (artifact id: 'fa3ca7c2f80c61ae702bd578e3a0ebb4') in 0.066283 seconds 
  Import took 0.074006 seconds .

========================================================================
Received Import Request.
  Time since last request: 13.288176 seconds.
  path: Assets/Art/Buttons/ScreenShot_20220113114440.png
  artifactKey: Guid(61c8de5420593cd4bad1af435651a268) Importer(815301076,1909f56bfc062723c751e8b465ee728b)
Start importing Assets/Art/Buttons/ScreenShot_20220113114440.png using Guid(61c8de5420593cd4bad1af435651a268) Importer(815301076,1909f56bfc062723c751e8b465ee728b)  -> (artifact id: '42e8c5679cb3e0dc0f37bca642dbe925') in 0.104229 seconds 
  Import took 0.114389 seconds .

========================================================================
Received Import Request.
  Time since last request: 3.599806 seconds.
  path: Assets/Art/Buttons/History.png
  artifactKey: Guid(61c8de5420593cd4bad1af435651a268) Importer(815301076,1909f56bfc062723c751e8b465ee728b)
Start importing Assets/Art/Buttons/History.png using Guid(61c8de5420593cd4bad1af435651a268) Importer(815301076,1909f56bfc062723c751e8b465ee728b)  -> (artifact id: '77b75245942157e21dfb0e8caa6f5912') in 0.066187 seconds 
  Import took 0.074713 seconds .

========================================================================
Received Import Request.
  Time since last request: 183.193418 seconds.
  path: Assets/Art/Buttons/History.png
  artifactKey: Guid(61c8de5420593cd4bad1af435651a268) Importer(815301076,1909f56bfc062723c751e8b465ee728b)
Start importing Assets/Art/Buttons/History.png using Guid(61c8de5420593cd4bad1af435651a268) Importer(815301076,1909f56bfc062723c751e8b465ee728b)  -> (artifact id: '849d050040fa79107732f0def7f826a9') in 0.047801 seconds 
  Import took 0.056606 seconds .

========================================================================
Received Prepare
Registering precompiled user dll's ...
Registered in 0.017022 seconds.
Begin MonoManager ReloadAssembly
Native extension for WindowsStandalone target not found
Refreshing native plugins compatible for Editor in 0.81 ms, found 3 plugins.
Preloading 0 native plugins for Editor in 0.00 ms.
Mono: successfully reloaded assembly
- Completed reload, in  2.891 seconds
Domain Reload Profiling:
	ReloadAssembly (2893ms)
		BeginReloadAssembly (679ms)
			ExecutionOrderSort (0ms)
			DisableScriptedObjects (48ms)
			BackupInstance (0ms)
			ReleaseScriptingObjects (0ms)
			CreateAndSetChildDomain (345ms)
		EndReloadAssembly (2054ms)
			LoadAssemblies (319ms)
			RebuildTransferFunctionScriptingTraits (0ms)
			SetupTypeCache (786ms)
			ReleaseScriptCaches (3ms)
			RebuildScriptCaches (128ms)
			SetupLoadedEditorAssemblies (628ms)
				LogAssemblyErrors (0ms)
				InitializePlatformSupportModulesInManaged (6ms)
				SetLoadedEditorAssemblies (1ms)
				RefreshPlugins (1ms)
				BeforeProcessingInitializeOnLoad (182ms)
				ProcessInitializeOnLoadAttributes (403ms)
				ProcessInitializeOnLoadMethodAttributes (19ms)
				AfterProcessingInitializeOnLoad (15ms)
				EditorAssembliesLoaded (0ms)
			ExecutionOrderSort2 (0ms)
			AwakeInstancesAfterBackupRestoration (18ms)
Platform modules already initialized, skipping
Refreshing native plugins compatible for Editor in 0.78 ms, found 3 plugins.
Preloading 0 native plugins for Editor in 0.00 ms.
Unloading 2520 Unused Serialized files (Serialized files now loaded: 0)
System memory in use before: 114.1 MB.
System memory in use after: 114.3 MB.

Unloading 18 unused Assets to reduce memory usage. Loaded Objects now: 3052.
Total: 9.088100 ms (FindLiveObjects: 0.661200 ms CreateObjectMapping: 0.279400 ms MarkObjects: 8.103800 ms  DeleteObjects: 0.041500 ms)

AssetImportParameters requested are different than current active one (requested -> active):
  custom:framework-win-MediaFoundation: 216162199b28c13a410421893ffa2e32 -> 
  custom:video-decoder-ogg-theora: a1e56fd34408186e4bbccfd4996cb3dc -> 
  custom:container-muxer-webm: aa71ff27fc2769a1b78a27578f13a17b -> 
  custom:container-demuxer-webm: 4f35f7cbe854078d1ac9338744f61a02 -> 
  custom:container-demuxer-ogg: 62fdf1f143b41e24485cea50d1cbac27 -> 
  custom:video-encoder-webm-vp8: eb34c28f22e8b96e1ab97ce403110664 -> 
  custom:video-decoder-webm-vp8: 9c59270c3fd7afecdb556c50c9e8de78 -> 
  custom:audio-decoder-ogg-vorbis: bf7c407c2cedff20999df2af8eb42d56 -> 
  custom:audio-encoder-webm-vorbis: bf7c407c2cedff20999df2af8eb42d56 -> 
========================================================================
Received Prepare
Refreshing native plugins compatible for Editor in 13.96 ms, found 3 plugins.
Preloading 0 native plugins for Editor in 0.00 ms.
Unloading 16 Unused Serialized files (Serialized files now loaded: 0)
System memory in use before: 63.6 MB.
System memory in use after: 63.8 MB.

Unloading 16 unused Assets to reduce memory usage. Loaded Objects now: 3052.
Total: 7.162500 ms (FindLiveObjects: 0.620000 ms CreateObjectMapping: 0.272700 ms MarkObjects: 6.231800 ms  DeleteObjects: 0.035000 ms)

AssetImportParameters requested are different than current active one (requested -> active):
  custom:framework-win-MediaFoundation: 216162199b28c13a410421893ffa2e32 -> 
  custom:video-decoder-ogg-theora: a1e56fd34408186e4bbccfd4996cb3dc -> 
  custom:container-muxer-webm: aa71ff27fc2769a1b78a27578f13a17b -> 
  custom:container-demuxer-webm: 4f35f7cbe854078d1ac9338744f61a02 -> 
  custom:container-demuxer-ogg: 62fdf1f143b41e24485cea50d1cbac27 -> 
  custom:video-encoder-webm-vp8: eb34c28f22e8b96e1ab97ce403110664 -> 
  custom:video-decoder-webm-vp8: 9c59270c3fd7afecdb556c50c9e8de78 -> 
  custom:audio-decoder-ogg-vorbis: bf7c407c2cedff20999df2af8eb42d56 -> 
  custom:audio-encoder-webm-vorbis: bf7c407c2cedff20999df2af8eb42d56 -> 
========================================================================
Received Prepare
Registering precompiled user dll's ...
Registered in 0.015231 seconds.
Begin MonoManager ReloadAssembly
Native extension for WindowsStandalone target not found
Refreshing native plugins compatible for Editor in 1.29 ms, found 3 plugins.
Preloading 0 native plugins for Editor in 0.00 ms.
Mono: successfully reloaded assembly
- Completed reload, in  1.935 seconds
Domain Reload Profiling:
	ReloadAssembly (1936ms)
		BeginReloadAssembly (196ms)
			ExecutionOrderSort (0ms)
			DisableScriptedObjects (11ms)
			BackupInstance (0ms)
			ReleaseScriptingObjects (0ms)
			CreateAndSetChildDomain (56ms)
		EndReloadAssembly (1628ms)
			LoadAssemblies (169ms)
			RebuildTransferFunctionScriptingTraits (0ms)
			SetupTypeCache (558ms)
			ReleaseScriptCaches (1ms)
			RebuildScriptCaches (77ms)
			SetupLoadedEditorAssemblies (644ms)
				LogAssemblyErrors (0ms)
				InitializePlatformSupportModulesInManaged (6ms)
				SetLoadedEditorAssemblies (1ms)
				RefreshPlugins (1ms)
				BeforeProcessingInitializeOnLoad (177ms)
				ProcessInitializeOnLoadAttributes (422ms)
				ProcessInitializeOnLoadMethodAttributes (19ms)
				AfterProcessingInitializeOnLoad (17ms)
				EditorAssembliesLoaded (0ms)
			ExecutionOrderSort2 (0ms)
			AwakeInstancesAfterBackupRestoration (15ms)
Platform modules already initialized, skipping
Refreshing native plugins compatible for Editor in 0.92 ms, found 3 plugins.
Preloading 0 native plugins for Editor in 0.00 ms.
Unloading 2520 Unused Serialized files (Serialized files now loaded: 0)
System memory in use before: 114.1 MB.
System memory in use after: 114.3 MB.

Unloading 18 unused Assets to reduce memory usage. Loaded Objects now: 3054.
Total: 5.873400 ms (FindLiveObjects: 0.607600 ms CreateObjectMapping: 0.383500 ms MarkObjects: 4.844900 ms  DeleteObjects: 0.035600 ms)

AssetImportParameters requested are different than current active one (requested -> active):
  custom:framework-win-MediaFoundation: 216162199b28c13a410421893ffa2e32 -> 
  custom:video-decoder-ogg-theora: a1e56fd34408186e4bbccfd4996cb3dc -> 
  custom:container-muxer-webm: aa71ff27fc2769a1b78a27578f13a17b -> 
  custom:container-demuxer-webm: 4f35f7cbe854078d1ac9338744f61a02 -> 
  custom:container-demuxer-ogg: 62fdf1f143b41e24485cea50d1cbac27 -> 
  custom:video-encoder-webm-vp8: eb34c28f22e8b96e1ab97ce403110664 -> 
  custom:video-decoder-webm-vp8: 9c59270c3fd7afecdb556c50c9e8de78 -> 
  custom:audio-decoder-ogg-vorbis: bf7c407c2cedff20999df2af8eb42d56 -> 
  custom:audio-encoder-webm-vorbis: bf7c407c2cedff20999df2af8eb42d56 -> 
========================================================================
Received Import Request.
  Time since last request: 912.775589 seconds.
  path: Assets/Art/Buttons/14_5.png
  artifactKey: Guid(916c60aa024e2684ba748a5e099bb4fb) Importer(815301076,1909f56bfc062723c751e8b465ee728b)
Start importing Assets/Art/Buttons/14_5.png using Guid(916c60aa024e2684ba748a5e099bb4fb) Importer(815301076,1909f56bfc062723c751e8b465ee728b)  -> (artifact id: '4b76845ca3cf7e46b02dc798eb1500c3') in 0.202041 seconds 
  Import took 0.211617 seconds .

========================================================================
Received Import Request.
  Time since last request: 7.217531 seconds.
  path: Assets/Art/Buttons/16_-.png
  artifactKey: Guid(6ef346f4e8bf3874d8def7a3bd99e9c4) Importer(815301076,1909f56bfc062723c751e8b465ee728b)
Start importing Assets/Art/Buttons/16_-.png using Guid(6ef346f4e8bf3874d8def7a3bd99e9c4) Importer(815301076,1909f56bfc062723c751e8b465ee728b)  -> (artifact id: '0e1b7764e360e0437b835eb631f969c8') in 0.065523 seconds 
  Import took 0.073353 seconds .

========================================================================
Received Import Request.
  Time since last request: 39.052896 seconds.
  path: Assets/Art/Buttons/16_-.png
  artifactKey: Guid(6ef346f4e8bf3874d8def7a3bd99e9c4) Importer(815301076,1909f56bfc062723c751e8b465ee728b)
Start importing Assets/Art/Buttons/16_-.png using Guid(6ef346f4e8bf3874d8def7a3bd99e9c4) Importer(815301076,1909f56bfc062723c751e8b465ee728b)  -> (artifact id: '5af13cf710697df940e2ab7a24a6b217') in 0.061822 seconds 
  Import took 0.071673 seconds .

========================================================================
Received Import Request.
  Time since last request: 1.897834 seconds.
  path: Assets/Art/Buttons/2_CE.png
  artifactKey: Guid(175eb456bf54de3459307ad5056964a8) Importer(815301076,1909f56bfc062723c751e8b465ee728b)
Start importing Assets/Art/Buttons/2_CE.png using Guid(175eb456bf54de3459307ad5056964a8) Importer(815301076,1909f56bfc062723c751e8b465ee728b)  -> (artifact id: '6eedc4afa87ae6b92192a4514e4fd3fa') in 0.031184 seconds 
  Import took 0.039113 seconds .

========================================================================
Received Import Request.
  Time since last request: 0.770809 seconds.
  path: Assets/Art/Buttons/1_%.png
  artifactKey: Guid(4fc29513a95071b4aa930b58f60dd80e) Importer(815301076,1909f56bfc062723c751e8b465ee728b)
Start importing Assets/Art/Buttons/1_%.png using Guid(4fc29513a95071b4aa930b58f60dd80e) Importer(815301076,1909f56bfc062723c751e8b465ee728b)  -> (artifact id: 'd702a5caf719786b8e70d9a8b7958991') in 0.069005 seconds 
  Import took 0.079010 seconds .

========================================================================
Received Import Request.
  Time since last request: 5.287749 seconds.
  path: Assets/Art/Buttons/1_%.png
  artifactKey: Guid(4fc29513a95071b4aa930b58f60dd80e) Importer(815301076,1909f56bfc062723c751e8b465ee728b)
Start importing Assets/Art/Buttons/1_%.png using Guid(4fc29513a95071b4aa930b58f60dd80e) Importer(815301076,1909f56bfc062723c751e8b465ee728b)  -> (artifact id: '39c6f72a905b6a306c086e1d8594000e') in 0.092517 seconds 
  Import took 0.109939 seconds .

========================================================================
Received Import Request.
  Time since last request: 5.707700 seconds.
  path: Assets/Art/Buttons/1_%.png
  artifactKey: Guid(4fc29513a95071b4aa930b58f60dd80e) Importer(815301076,1909f56bfc062723c751e8b465ee728b)
Start importing Assets/Art/Buttons/1_%.png using Guid(4fc29513a95071b4aa930b58f60dd80e) Importer(815301076,1909f56bfc062723c751e8b465ee728b)  -> (artifact id: '86802df6c0c54fe2730ce57c375b0b41') in 0.068936 seconds 
  Import took 0.075574 seconds .

========================================================================
Received Import Request.
  Time since last request: 1066.955889 seconds.
  path: Assets/Art/Buttons/10_8.png
  artifactKey: Guid(61628a947f4b4ee47aa3ab6a78add233) Importer(815301076,1909f56bfc062723c751e8b465ee728b)
Start importing Assets/Art/Buttons/10_8.png using Guid(61628a947f4b4ee47aa3ab6a78add233) Importer(815301076,1909f56bfc062723c751e8b465ee728b)  -> (artifact id: 'c6e067fe14f3c3c54d83b55d888c0bf0') in 0.061277 seconds 
  Import took 0.070348 seconds .

========================================================================
Received Import Request.
  Time since last request: 1.157425 seconds.
  path: Assets/Art/Buttons/15_6.png
  artifactKey: Guid(d92b6d54c6770d6479a6825d32340604) Importer(815301076,1909f56bfc062723c751e8b465ee728b)
Start importing Assets/Art/Buttons/15_6.png using Guid(d92b6d54c6770d6479a6825d32340604) Importer(815301076,1909f56bfc062723c751e8b465ee728b)  -> (artifact id: '7b6a81c876c7566aafdeb8fde193df7c') in 0.036182 seconds 
  Import took 0.044840 seconds .

========================================================================
Received Import Request.
  Time since last request: 49.494985 seconds.
  path: Assets/Art/Buttons/2_CE.png
  artifactKey: Guid(175eb456bf54de3459307ad5056964a8) Importer(815301076,1909f56bfc062723c751e8b465ee728b)
Start importing Assets/Art/Buttons/2_CE.png using Guid(175eb456bf54de3459307ad5056964a8) Importer(815301076,1909f56bfc062723c751e8b465ee728b)  -> (artifact id: '2674f2a7f2cf17b852a0c6d9beff36f9') in 0.053939 seconds 
  Import took 0.062457 seconds .

========================================================================
Received Import Request.
  Time since last request: 51.829819 seconds.
  path: Assets/Art/Buttons/1_%.png
  artifactKey: Guid(4fc29513a95071b4aa930b58f60dd80e) Importer(815301076,1909f56bfc062723c751e8b465ee728b)
Start importing Assets/Art/Buttons/1_%.png using Guid(4fc29513a95071b4aa930b58f60dd80e) Importer(815301076,1909f56bfc062723c751e8b465ee728b)  -> (artifact id: '7a8e9e5ea9f38c21fe05ddbf81974110') in 0.041550 seconds 
  Import took 0.052150 seconds .

========================================================================
Received Import Request.
  Time since last request: 80.428727 seconds.
  path: Assets/Art/Buttons/1_%.png
  artifactKey: Guid(4fc29513a95071b4aa930b58f60dd80e) Importer(815301076,1909f56bfc062723c751e8b465ee728b)
Start importing Assets/Art/Buttons/1_%.png using Guid(4fc29513a95071b4aa930b58f60dd80e) Importer(815301076,1909f56bfc062723c751e8b465ee728b)  -> (artifact id: '5bb3f826c4fb364787003280b18a7198') in 0.059803 seconds 
  Import took 0.073696 seconds .

========================================================================
Received Prepare
Registering precompiled user dll's ...
Registered in 0.012550 seconds.
Begin MonoManager ReloadAssembly
Native extension for WindowsStandalone target not found
Refreshing native plugins compatible for Editor in 1.28 ms, found 3 plugins.
Preloading 0 native plugins for Editor in 0.00 ms.
Mono: successfully reloaded assembly
- Completed reload, in  2.274 seconds
Domain Reload Profiling:
	ReloadAssembly (2275ms)
		BeginReloadAssembly (254ms)
			ExecutionOrderSort (0ms)
			DisableScriptedObjects (14ms)
			BackupInstance (0ms)
			ReleaseScriptingObjects (0ms)
			CreateAndSetChildDomain (76ms)
		EndReloadAssembly (1899ms)
			LoadAssemblies (185ms)
			RebuildTransferFunctionScriptingTraits (0ms)
			SetupTypeCache (606ms)
			ReleaseScriptCaches (1ms)
			RebuildScriptCaches (138ms)
			SetupLoadedEditorAssemblies (744ms)
				LogAssemblyErrors (0ms)
				InitializePlatformSupportModulesInManaged (6ms)
				SetLoadedEditorAssemblies (1ms)
				RefreshPlugins (1ms)
				BeforeProcessingInitializeOnLoad (190ms)
				ProcessInitializeOnLoadAttributes (500ms)
				ProcessInitializeOnLoadMethodAttributes (25ms)
				AfterProcessingInitializeOnLoad (20ms)
				EditorAssembliesLoaded (0ms)
			ExecutionOrderSort2 (0ms)
			AwakeInstancesAfterBackupRestoration (17ms)
Platform modules already initialized, skipping
Refreshing native plugins compatible for Editor in 0.86 ms, found 3 plugins.
Preloading 0 native plugins for Editor in 0.00 ms.
Unloading 2520 Unused Serialized files (Serialized files now loaded: 0)
System memory in use before: 114.0 MB.
System memory in use after: 114.2 MB.

Unloading 18 unused Assets to reduce memory usage. Loaded Objects now: 3057.
Total: 5.228400 ms (FindLiveObjects: 0.394500 ms CreateObjectMapping: 0.194200 ms MarkObjects: 4.599800 ms  DeleteObjects: 0.038100 ms)

AssetImportParameters requested are different than current active one (requested -> active):
  custom:framework-win-MediaFoundation: 216162199b28c13a410421893ffa2e32 -> 
  custom:video-decoder-ogg-theora: a1e56fd34408186e4bbccfd4996cb3dc -> 
  custom:container-muxer-webm: aa71ff27fc2769a1b78a27578f13a17b -> 
  custom:container-demuxer-webm: 4f35f7cbe854078d1ac9338744f61a02 -> 
  custom:container-demuxer-ogg: 62fdf1f143b41e24485cea50d1cbac27 -> 
  custom:video-encoder-webm-vp8: eb34c28f22e8b96e1ab97ce403110664 -> 
  custom:video-decoder-webm-vp8: 9c59270c3fd7afecdb556c50c9e8de78 -> 
  custom:audio-decoder-ogg-vorbis: bf7c407c2cedff20999df2af8eb42d56 -> 
  custom:audio-encoder-webm-vorbis: bf7c407c2cedff20999df2af8eb42d56 -> 
========================================================================
Received Prepare
Registering precompiled user dll's ...
Registered in 0.018762 seconds.
Begin MonoManager ReloadAssembly
Native extension for WindowsStandalone target not found
Refreshing native plugins compatible for Editor in 1.24 ms, found 3 plugins.
Preloading 0 native plugins for Editor in 0.00 ms.
Mono: successfully reloaded assembly
- Completed reload, in  1.979 seconds
Domain Reload Profiling:
	ReloadAssembly (1980ms)
		BeginReloadAssembly (186ms)
			ExecutionOrderSort (0ms)
			DisableScriptedObjects (10ms)
			BackupInstance (0ms)
			ReleaseScriptingObjects (0ms)
			CreateAndSetChildDomain (51ms)
		EndReloadAssembly (1651ms)
			LoadAssemblies (162ms)
			RebuildTransferFunctionScriptingTraits (0ms)
			SetupTypeCache (551ms)
			ReleaseScriptCaches (2ms)
			RebuildScriptCaches (72ms)
			SetupLoadedEditorAssemblies (637ms)
				LogAssemblyErrors (0ms)
				InitializePlatformSupportModulesInManaged (11ms)
				SetLoadedEditorAssemblies (1ms)
				RefreshPlugins (1ms)
				BeforeProcessingInitializeOnLoad (164ms)
				ProcessInitializeOnLoadAttributes (389ms)
				ProcessInitializeOnLoadMethodAttributes (46ms)
				AfterProcessingInitializeOnLoad (24ms)
				EditorAssembliesLoaded (0ms)
			ExecutionOrderSort2 (0ms)
			AwakeInstancesAfterBackupRestoration (31ms)
Platform modules already initialized, skipping
Refreshing native plugins compatible for Editor in 0.79 ms, found 3 plugins.
Preloading 0 native plugins for Editor in 0.00 ms.
Unloading 2520 Unused Serialized files (Serialized files now loaded: 0)
System memory in use before: 114.1 MB.
System memory in use after: 114.3 MB.

Unloading 18 unused Assets to reduce memory usage. Loaded Objects now: 3059.
Total: 6.187700 ms (FindLiveObjects: 0.417100 ms CreateObjectMapping: 0.386300 ms MarkObjects: 5.348000 ms  DeleteObjects: 0.034100 ms)

AssetImportParameters requested are different than current active one (requested -> active):
  custom:framework-win-MediaFoundation: 216162199b28c13a410421893ffa2e32 -> 
  custom:video-decoder-ogg-theora: a1e56fd34408186e4bbccfd4996cb3dc -> 
  custom:container-muxer-webm: aa71ff27fc2769a1b78a27578f13a17b -> 
  custom:container-demuxer-webm: 4f35f7cbe854078d1ac9338744f61a02 -> 
  custom:container-demuxer-ogg: 62fdf1f143b41e24485cea50d1cbac27 -> 
  custom:video-encoder-webm-vp8: eb34c28f22e8b96e1ab97ce403110664 -> 
  custom:video-decoder-webm-vp8: 9c59270c3fd7afecdb556c50c9e8de78 -> 
  custom:audio-decoder-ogg-vorbis: bf7c407c2cedff20999df2af8eb42d56 -> 
  custom:audio-encoder-webm-vorbis: bf7c407c2cedff20999df2af8eb42d56 -> 
========================================================================
Received Import Request.
  Time since last request: 103.143582 seconds.
  path: Assets/Art/Buttons/1_%.png
  artifactKey: Guid(4fc29513a95071b4aa930b58f60dd80e) Importer(815301076,1909f56bfc062723c751e8b465ee728b)
Start importing Assets/Art/Buttons/1_%.png using Guid(4fc29513a95071b4aa930b58f60dd80e) Importer(815301076,1909f56bfc062723c751e8b465ee728b)  -> (artifact id: '9976bf6867c439a330faae88e659b514') in 0.178337 seconds 
  Import took 0.189586 seconds .

========================================================================
Received Import Request.
  Time since last request: 5.723321 seconds.
  path: Assets/Art/Buttons/1_%.png
  artifactKey: Guid(4fc29513a95071b4aa930b58f60dd80e) Importer(815301076,1909f56bfc062723c751e8b465ee728b)
Start importing Assets/Art/Buttons/1_%.png using Guid(4fc29513a95071b4aa930b58f60dd80e) Importer(815301076,1909f56bfc062723c751e8b465ee728b)  -> (artifact id: '63f759aa086adf89f4643f930067f837') in 0.062546 seconds 
  Import took 0.071223 seconds .

========================================================================
Received Import Request.
  Time since last request: 9.171727 seconds.
  path: Assets/Art/Buttons/1_%.png
  artifactKey: Guid(4fc29513a95071b4aa930b58f60dd80e) Importer(815301076,1909f56bfc062723c751e8b465ee728b)
Start importing Assets/Art/Buttons/1_%.png using Guid(4fc29513a95071b4aa930b58f60dd80e) Importer(815301076,1909f56bfc062723c751e8b465ee728b)  -> (artifact id: 'aebbd66d14b52e47a93464a2e3ada0de') in 0.091512 seconds 
  Import took 0.106772 seconds .

========================================================================
Received Import Request.
  Time since last request: 22.231916 seconds.
  path: Assets/Art/Buttons/1_%.png
  artifactKey: Guid(4fc29513a95071b4aa930b58f60dd80e) Importer(815301076,1909f56bfc062723c751e8b465ee728b)
Start importing Assets/Art/Buttons/1_%.png using Guid(4fc29513a95071b4aa930b58f60dd80e) Importer(815301076,1909f56bfc062723c751e8b465ee728b)  -> (artifact id: '54fe1b6a873efa0915a5f7e457158287') in 0.066897 seconds 
  Import took 0.077680 seconds .

========================================================================
Received Import Request.
  Time since last request: 4.164849 seconds.
  path: Assets/Art/Buttons/1_%.png
  artifactKey: Guid(4fc29513a95071b4aa930b58f60dd80e) Importer(815301076,1909f56bfc062723c751e8b465ee728b)
Start importing Assets/Art/Buttons/1_%.png using Guid(4fc29513a95071b4aa930b58f60dd80e) Importer(815301076,1909f56bfc062723c751e8b465ee728b)  -> (artifact id: 'a252e483ef78ba89801500beda91f68a') in 0.063627 seconds 
  Import took 0.073987 seconds .

========================================================================
Received Import Request.
  Time since last request: 7.481229 seconds.
  path: Assets/Art/Buttons/1_%.png
  artifactKey: Guid(4fc29513a95071b4aa930b58f60dd80e) Importer(815301076,1909f56bfc062723c751e8b465ee728b)
Start importing Assets/Art/Buttons/1_%.png using Guid(4fc29513a95071b4aa930b58f60dd80e) Importer(815301076,1909f56bfc062723c751e8b465ee728b)  -> (artifact id: '9b7e441ac382cec827986bf6018bc6dd') in 0.065523 seconds 
  Import took 0.074913 seconds .

========================================================================
Received Import Request.
  Time since last request: 6.118245 seconds.
  path: Assets/Art/Buttons/1_%.png
  artifactKey: Guid(4fc29513a95071b4aa930b58f60dd80e) Importer(815301076,1909f56bfc062723c751e8b465ee728b)
Start importing Assets/Art/Buttons/1_%.png using Guid(4fc29513a95071b4aa930b58f60dd80e) Importer(815301076,1909f56bfc062723c751e8b465ee728b)  -> (artifact id: '55f427acd1311e8ca35c13e9c10405be') in 0.060528 seconds 
  Import took 0.069155 seconds .

========================================================================
Received Import Request.
  Time since last request: 4.176492 seconds.
  path: Assets/Art/Buttons/1_%.png
  artifactKey: Guid(4fc29513a95071b4aa930b58f60dd80e) Importer(815301076,1909f56bfc062723c751e8b465ee728b)
Start importing Assets/Art/Buttons/1_%.png using Guid(4fc29513a95071b4aa930b58f60dd80e) Importer(815301076,1909f56bfc062723c751e8b465ee728b)  -> (artifact id: '87293772a63fdf2c5b6bd8170d267ed2') in 0.071675 seconds 
  Import took 0.089376 seconds .

========================================================================
Received Import Request.
  Time since last request: 61.403906 seconds.
  path: Assets/TextMesh Pro/Resources/Sprite Assets
  artifactKey: Guid(512a49d95c0c4332bdd98131869c23c9) Importer(815301076,1909f56bfc062723c751e8b465ee728b)
Start importing Assets/TextMesh Pro/Resources/Sprite Assets using Guid(512a49d95c0c4332bdd98131869c23c9) Importer(815301076,1909f56bfc062723c751e8b465ee728b)  -> (artifact id: 'b31814b8e9a6a2d42a48cf87797f0e5e') in 0.017338 seconds 
  Import took 0.025370 seconds .

========================================================================
Received Import Request.
  Time since last request: 0.598918 seconds.
  path: Assets/TextMesh Pro/Resources/Fonts & Materials/LiberationSans SDF - Fallback.asset
  artifactKey: Guid(2e498d1c8094910479dc3e1b768306a4) Importer(815301076,1909f56bfc062723c751e8b465ee728b)
Start importing Assets/TextMesh Pro/Resources/Fonts & Materials/LiberationSans SDF - Fallback.asset using Guid(2e498d1c8094910479dc3e1b768306a4) Importer(815301076,1909f56bfc062723c751e8b465ee728b)  -> (artifact id: '824048c16fe023a8029ad6b289255227') in 0.114887 seconds 
  Import took 0.122879 seconds .

========================================================================
Received Import Request.
  Time since last request: 0.236085 seconds.
  path: Assets/TextMesh Pro/Resources/Fonts & Materials
  artifactKey: Guid(731f1baa9d144a9897cb1d341c2092b8) Importer(815301076,1909f56bfc062723c751e8b465ee728b)
Start importing Assets/TextMesh Pro/Resources/Fonts & Materials using Guid(731f1baa9d144a9897cb1d341c2092b8) Importer(815301076,1909f56bfc062723c751e8b465ee728b)  -> (artifact id: 'cbd6dcea75119183330fd0c84a35eed7') in 0.017079 seconds 
  Import took 0.025966 seconds .

========================================================================
Received Import Request.
  Time since last request: 293.598675 seconds.
  path: Assets/Art/Buttons/ScreenShot_20220113123328.png
  artifactKey: Guid(525561084fa23304cad4a05e9239f837) Importer(815301076,1909f56bfc062723c751e8b465ee728b)
Start importing Assets/Art/Buttons/ScreenShot_20220113123328.png using Guid(525561084fa23304cad4a05e9239f837) Importer(815301076,1909f56bfc062723c751e8b465ee728b)  -> (artifact id: '6b48dd00da9dac4d3993bbeb8c0b5f0f') in 0.070402 seconds 
  Import took 0.080264 seconds .

========================================================================
Received Import Request.
  Time since last request: 6.401166 seconds.
  path: Assets/Art/Buttons/Trashcan.png
  artifactKey: Guid(525561084fa23304cad4a05e9239f837) Importer(815301076,1909f56bfc062723c751e8b465ee728b)
Start importing Assets/Art/Buttons/Trashcan.png using Guid(525561084fa23304cad4a05e9239f837) Importer(815301076,1909f56bfc062723c751e8b465ee728b)  -> (artifact id: '76cc3f3aed3473707ca1ed8762293c83') in 0.059977 seconds 
  Import took 0.069311 seconds .

